#! /c/Source/iverilog-install/bin/vvp
:ivl_version "12.0 (devel)" "(s20150603-1539-g2693dd32b)";
:ivl_delay_selection "TYPICAL";
:vpi_time_precision + 0;
:vpi_module "C:\iverilog\lib\ivl\system.vpi";
:vpi_module "C:\iverilog\lib\ivl\vhdl_sys.vpi";
:vpi_module "C:\iverilog\lib\ivl\vhdl_textio.vpi";
:vpi_module "C:\iverilog\lib\ivl\v2005_math.vpi";
:vpi_module "C:\iverilog\lib\ivl\va_math.vpi";
S_0000024be3e42830 .scope module, "data_memory" "data_memory" 2 12;
 .timescale 0 0;
    .port_info 0 /INPUT 1 "clock";
    .port_info 1 /INPUT 1 "reset";
    .port_info 2 /INPUT 1 "read";
    .port_info 3 /INPUT 1 "write";
    .port_info 4 /INPUT 6 "address";
    .port_info 5 /INPUT 32 "writedata";
    .port_info 6 /OUTPUT 32 "readdata";
    .port_info 7 /OUTPUT 1 "busywait";
v0000024be3e96800_0 .var *"_ivl_10", 7 0; Local signal
v0000024be3e96080_0 .var *"_ivl_3", 7 0; Local signal
v0000024be3e969e0_0 .var *"_ivl_4", 7 0; Local signal
v0000024be3e96b20_0 .var *"_ivl_5", 7 0; Local signal
v0000024be3e96bc0_0 .var *"_ivl_6", 7 0; Local signal
v0000024be3e964e0_0 .var *"_ivl_7", 7 0; Local signal
v0000024be3e968a0_0 .var *"_ivl_8", 7 0; Local signal
v0000024be3e96580_0 .var *"_ivl_9", 7 0; Local signal
o0000024be3e9fc48 .functor BUFZ 6, C4<zzzzzz>; HiZ drive
v0000024be3e96e40_0 .net "address", 5 0, o0000024be3e9fc48;  0 drivers
v0000024be3e96120_0 .var "busywait", 0 0;
o0000024be3e9fca8 .functor BUFZ 1, C4<z>; HiZ drive
v0000024be3e961c0_0 .net "clock", 0 0, o0000024be3e9fca8;  0 drivers
v0000024be3e96260_0 .var/i "i", 31 0;
v0000024be3e96300 .array "memory_array", 0 255, 7 0;
o0000024be3e9fd08 .functor BUFZ 1, C4<z>; HiZ drive
v0000024be3ef6b20_0 .net "read", 0 0, o0000024be3e9fd08;  0 drivers
v0000024be3ef70c0_0 .var "readaccess", 0 0;
v0000024be3ef6c60_0 .var "readdata", 31 0;
o0000024be3e9fd98 .functor BUFZ 1, C4<z>; HiZ drive
v0000024be3ef63a0_0 .net "reset", 0 0, o0000024be3e9fd98;  0 drivers
o0000024be3e9fdc8 .functor BUFZ 1, C4<z>; HiZ drive
v0000024be3ef68a0_0 .net "write", 0 0, o0000024be3e9fdc8;  0 drivers
v0000024be3ef6620_0 .var "writeaccess", 0 0;
o0000024be3e9fe28 .functor BUFZ 32, C4<zzzzzzzzzzzzzzzzzzzzzzzzzzzzzzzz>; HiZ drive
v0000024be3ef64e0_0 .net "writedata", 31 0, o0000024be3e9fe28;  0 drivers
E_0000024be3e97bc0 .event posedge, v0000024be3ef63a0_0;
E_0000024be3e97440 .event posedge, v0000024be3e961c0_0;
E_0000024be3e97480 .event anyedge, v0000024be3ef68a0_0, v0000024be3ef6b20_0;
S_0000024be3e429c0 .scope module, "dcache" "dcache" 3 14;
 .timescale 0 0;
    .port_info 0 /INPUT 1 "clock";
    .port_info 1 /INPUT 1 "read";
    .port_info 2 /INPUT 1 "write";
    .port_info 3 /OUTPUT 1 "busywait";
    .port_info 4 /INPUT 8 "cpu_address";
    .port_info 5 /INPUT 1 "reset";
    .port_info 6 /OUTPUT 6 "mem_address";
    .port_info 7 /INPUT 1 "mem_busywait";
    .port_info 8 /OUTPUT 1 "mem_read";
    .port_info 9 /OUTPUT 1 "mem_write";
    .port_info 10 /INPUT 8 "cpu_writeData";
    .port_info 11 /OUTPUT 8 "cpu_readData";
    .port_info 12 /INPUT 32 "mem_readData";
    .port_info 13 /OUTPUT 32 "mem_writeData";
P_0000024be3e42b50 .param/l "IDLE" 0 3 113, C4<000>;
P_0000024be3e42b88 .param/l "MEM_READ" 0 3 113, C4<001>;
P_0000024be3e42bc0 .param/l "MEM_WRITE" 0 3 113, C4<010>;
L_0000024be3e9e2d0/d .functor BUFZ 3, L_0000024be3efae90, C4<000>, C4<000>, C4<000>;
L_0000024be3e9e2d0 .delay 3 (1,1,1) L_0000024be3e9e2d0/d;
L_0000024be3e9daf0/d .functor BUFZ 1, L_0000024be3efb750, C4<0>, C4<0>, C4<0>;
L_0000024be3e9daf0 .delay 1 (1,1,1) L_0000024be3e9daf0/d;
L_0000024be3e9dd90 .functor AND 1, v0000024be3ef7d40_0, L_0000024be3efb7f0, C4<1>, C4<1>;
L_0000024be3fc0088 .functor BUFT 1, C4<00>, C4<0>, C4<0>, C4<0>;
v0000024be3ef6080_0 .net *"_ivl_11", 1 0, L_0000024be3fc0088;  1 drivers
v0000024be3ef73e0_0 .net *"_ivl_14", 0 0, L_0000024be3efb750;  1 drivers
v0000024be3ef75c0_0 .net *"_ivl_16", 4 0, L_0000024be3efa5d0;  1 drivers
L_0000024be3fc00d0 .functor BUFT 1, C4<00>, C4<0>, C4<0>, C4<0>;
v0000024be3ef7480_0 .net *"_ivl_19", 1 0, L_0000024be3fc00d0;  1 drivers
v0000024be3ef6f80_0 .net *"_ivl_22", 0 0, L_0000024be3efb7f0;  1 drivers
v0000024be3ef7660_0 .net *"_ivl_24", 4 0, L_0000024be3efb1b0;  1 drivers
L_0000024be3fc0118 .functor BUFT 1, C4<00>, C4<0>, C4<0>, C4<0>;
v0000024be3ef7840_0 .net *"_ivl_27", 1 0, L_0000024be3fc0118;  1 drivers
v0000024be3ef6bc0_0 .net *"_ivl_37", 0 0, L_0000024be3efa2b0;  1 drivers
v0000024be3ef77a0_0 .net *"_ivl_39", 4 0, L_0000024be3efa350;  1 drivers
L_0000024be3fc0160 .functor BUFT 1, C4<00>, C4<0>, C4<0>, C4<0>;
v0000024be3ef7160_0 .net *"_ivl_42", 1 0, L_0000024be3fc0160;  1 drivers
v0000024be3ef6d00_0 .net *"_ivl_6", 2 0, L_0000024be3efae90;  1 drivers
v0000024be3ef6da0_0 .net *"_ivl_8", 4 0, L_0000024be3efb250;  1 drivers
v0000024be3ef61c0_0 .var "busywait", 0 0;
v0000024be3ef7b60 .array "cache_mem", 0 7, 31 0;
v0000024be3ef69e0_0 .net "cache_tag", 2 0, L_0000024be3e9e2d0;  1 drivers
o0000024be3ea03f8 .functor BUFZ 1, C4<z>; HiZ drive
v0000024be3ef6800_0 .net "clock", 0 0, o0000024be3ea03f8;  0 drivers
o0000024be3ea0428 .functor BUFZ 8, C4<zzzzzzzz>; HiZ drive
v0000024be3ef6440_0 .net "cpu_address", 7 0, o0000024be3ea0428;  0 drivers
v0000024be3ef6940_0 .var "cpu_readData", 7 0;
o0000024be3ea0488 .functor BUFZ 8, C4<zzzzzzzz>; HiZ drive
v0000024be3ef78e0_0 .net "cpu_writeData", 7 0, o0000024be3ea0488;  0 drivers
v0000024be3ef7700_0 .net "dirty", 0 0, L_0000024be3e9daf0;  1 drivers
v0000024be3ef6a80 .array "dirty_array", 0 7, 0 0;
v0000024be3ef6e40_0 .net "hit", 0 0, L_0000024be3e9dd90;  1 drivers
v0000024be3ef7de0_0 .var/i "i", 31 0;
v0000024be3ef7340_0 .net "index", 2 0, L_0000024be3ef66c0;  1 drivers
v0000024be3ef6580_0 .var "mem_address", 5 0;
o0000024be3ea05a8 .functor BUFZ 1, C4<z>; HiZ drive
v0000024be3ef6ee0_0 .net "mem_busywait", 0 0, o0000024be3ea05a8;  0 drivers
v0000024be3ef6260_0 .var "mem_read", 0 0;
o0000024be3ea0608 .functor BUFZ 32, C4<zzzzzzzzzzzzzzzzzzzzzzzzzzzzzzzz>; HiZ drive
v0000024be3ef7020_0 .net "mem_readData", 31 0, o0000024be3ea0608;  0 drivers
v0000024be3ef7200_0 .var "mem_write", 0 0;
v0000024be3ef7a20_0 .var "mem_writeData", 31 0;
v0000024be3ef7ac0_0 .var "next_state", 2 0;
v0000024be3ef72a0_0 .net "offset", 1 0, L_0000024be3ef6120;  1 drivers
o0000024be3ea06f8 .functor BUFZ 1, C4<z>; HiZ drive
v0000024be3ef7520_0 .net "read", 0 0, o0000024be3ea06f8;  0 drivers
o0000024be3ea0728 .functor BUFZ 1, C4<z>; HiZ drive
v0000024be3ef7e80_0 .net "reset", 0 0, o0000024be3ea0728;  0 drivers
v0000024be3ef7ca0_0 .var "state", 2 0;
v0000024be3ef7980_0 .net "tag", 2 0, L_0000024be3efb570;  1 drivers
v0000024be3ef7c00 .array "tag_array", 0 7, 2 0;
v0000024be3ef7d40_0 .var "taghit", 0 0;
v0000024be3ef6300 .array "valid_array", 0 7, 0 0;
o0000024be3ea07e8 .functor BUFZ 1, C4<z>; HiZ drive
v0000024be3ef6760_0 .net "write", 0 0, o0000024be3ea07e8;  0 drivers
v0000024be3ef7f20_0 .var "writehit", 0 0;
E_0000024be3e97700/0 .event anyedge, v0000024be3ef7e80_0;
E_0000024be3e97700/1 .event posedge, v0000024be3ef6800_0;
E_0000024be3e97700 .event/or E_0000024be3e97700/0, E_0000024be3e97700/1;
E_0000024be3e974c0/0 .event anyedge, v0000024be3ef7ca0_0, v0000024be3ef7980_0, v0000024be3ef7340_0, v0000024be3ef6ee0_0;
v0000024be3ef7b60_0 .array/port v0000024be3ef7b60, 0;
v0000024be3ef7b60_1 .array/port v0000024be3ef7b60, 1;
E_0000024be3e974c0/1 .event anyedge, v0000024be3ef7020_0, v0000024be3ef69e0_0, v0000024be3ef7b60_0, v0000024be3ef7b60_1;
v0000024be3ef7b60_2 .array/port v0000024be3ef7b60, 2;
v0000024be3ef7b60_3 .array/port v0000024be3ef7b60, 3;
v0000024be3ef7b60_4 .array/port v0000024be3ef7b60, 4;
v0000024be3ef7b60_5 .array/port v0000024be3ef7b60, 5;
E_0000024be3e974c0/2 .event anyedge, v0000024be3ef7b60_2, v0000024be3ef7b60_3, v0000024be3ef7b60_4, v0000024be3ef7b60_5;
v0000024be3ef7b60_6 .array/port v0000024be3ef7b60, 6;
v0000024be3ef7b60_7 .array/port v0000024be3ef7b60, 7;
E_0000024be3e974c0/3 .event anyedge, v0000024be3ef7b60_6, v0000024be3ef7b60_7;
E_0000024be3e974c0 .event/or E_0000024be3e974c0/0, E_0000024be3e974c0/1, E_0000024be3e974c0/2, E_0000024be3e974c0/3;
E_0000024be3e97500/0 .event anyedge, v0000024be3ef7ca0_0, v0000024be3ef7520_0, v0000024be3ef6760_0, v0000024be3ef7700_0;
E_0000024be3e97500/1 .event anyedge, v0000024be3ef6e40_0, v0000024be3ef6ee0_0;
E_0000024be3e97500 .event/or E_0000024be3e97500/0, E_0000024be3e97500/1;
E_0000024be3e975c0 .event posedge, v0000024be3ef6800_0;
E_0000024be3e976c0 .event anyedge, v0000024be3ef6e40_0, v0000024be3ef7520_0, v0000024be3ef6760_0;
E_0000024be3e97600/0 .event anyedge, v0000024be3ef72a0_0, v0000024be3ef7340_0, v0000024be3ef7b60_0, v0000024be3ef7b60_1;
E_0000024be3e97600/1 .event anyedge, v0000024be3ef7b60_2, v0000024be3ef7b60_3, v0000024be3ef7b60_4, v0000024be3ef7b60_5;
E_0000024be3e97600/2 .event anyedge, v0000024be3ef7b60_6, v0000024be3ef7b60_7;
E_0000024be3e97600 .event/or E_0000024be3e97600/0, E_0000024be3e97600/1, E_0000024be3e97600/2;
E_0000024be3e988c0 .event anyedge, L_0000024be3efa2b0, v0000024be3ef69e0_0, v0000024be3ef7980_0, v0000024be3ef7340_0;
E_0000024be3e98e80 .event anyedge, v0000024be3ef6760_0, v0000024be3ef7520_0;
L_0000024be3ef6120 .delay 2 (1,1,1) L_0000024be3ef6120/d;
L_0000024be3ef6120/d .part o0000024be3ea0428, 0, 2;
L_0000024be3ef66c0 .delay 3 (1,1,1) L_0000024be3ef66c0/d;
L_0000024be3ef66c0/d .part o0000024be3ea0428, 2, 3;
L_0000024be3efb570 .delay 3 (1,1,1) L_0000024be3efb570/d;
L_0000024be3efb570/d .part o0000024be3ea0428, 5, 3;
L_0000024be3efae90 .array/port v0000024be3ef7c00, L_0000024be3efb250;
L_0000024be3efb250 .concat [ 3 2 0 0], L_0000024be3ef66c0, L_0000024be3fc0088;
L_0000024be3efb750 .array/port v0000024be3ef6a80, L_0000024be3efa5d0;
L_0000024be3efa5d0 .concat [ 3 2 0 0], L_0000024be3ef66c0, L_0000024be3fc00d0;
L_0000024be3efb7f0 .array/port v0000024be3ef6300, L_0000024be3efb1b0;
L_0000024be3efb1b0 .concat [ 3 2 0 0], L_0000024be3ef66c0, L_0000024be3fc0118;
L_0000024be3efa2b0 .array/port v0000024be3ef6300, L_0000024be3efa350;
L_0000024be3efa350 .concat [ 3 2 0 0], L_0000024be3ef66c0, L_0000024be3fc0160;
    .scope S_0000024be3e42830;
T_0 ;
    %wait E_0000024be3e97480;
    %load/vec4 v0000024be3ef6b20_0;
    %flag_set/vec4 8;
    %jmp/1 T_0.2, 8;
    %load/vec4 v0000024be3ef68a0_0;
    %flag_set/vec4 9;
    %flag_or 8, 9;
T_0.2;
    %jmp/0 T_0.0, 8;
    %pushi/vec4 1, 0, 2;
    %jmp/1 T_0.1, 8;
T_0.0 ; End of true expr.
    %pushi/vec4 0, 0, 2;
    %jmp/0 T_0.1, 8;
 ; End of false expr.
    %blend;
T_0.1;
    %pad/s 1;
    %store/vec4 v0000024be3e96120_0, 0, 1;
    %load/vec4 v0000024be3ef6b20_0;
    %flag_set/vec4 9;
    %flag_get/vec4 9;
    %jmp/0 T_0.5, 9;
    %load/vec4 v0000024be3ef68a0_0;
    %nor/r;
    %and;
T_0.5;
    %flag_set/vec4 8;
    %jmp/0 T_0.3, 8;
    %pushi/vec4 1, 0, 2;
    %jmp/1 T_0.4, 8;
T_0.3 ; End of true expr.
    %pushi/vec4 0, 0, 2;
    %jmp/0 T_0.4, 8;
 ; End of false expr.
    %blend;
T_0.4;
    %pad/s 1;
    %store/vec4 v0000024be3ef70c0_0, 0, 1;
    %load/vec4 v0000024be3ef6b20_0;
    %nor/r;
    %flag_set/vec4 9;
    %flag_get/vec4 9;
    %jmp/0 T_0.8, 9;
    %load/vec4 v0000024be3ef68a0_0;
    %and;
T_0.8;
    %flag_set/vec4 8;
    %jmp/0 T_0.6, 8;
    %pushi/vec4 1, 0, 2;
    %jmp/1 T_0.7, 8;
T_0.6 ; End of true expr.
    %pushi/vec4 0, 0, 2;
    %jmp/0 T_0.7, 8;
 ; End of false expr.
    %blend;
T_0.7;
    %pad/s 1;
    %store/vec4 v0000024be3ef6620_0, 0, 1;
    %jmp T_0;
    .thread T_0, $push;
    .scope S_0000024be3e42830;
T_1 ;
    %wait E_0000024be3e97440;
    %load/vec4 v0000024be3ef70c0_0;
    %flag_set/vec4 8;
    %jmp/0xz  T_1.0, 8;
    %load/vec4 v0000024be3e96e40_0;
    %concati/vec4 0, 0, 2;
    %pad/u 10;
    %ix/vec4 4;
    %load/vec4a v0000024be3e96300, 4;
    %store/vec4 v0000024be3e96080_0, 0, 8;
    %pushi/vec4 40, 0, 64;
    %ix/vec4 4;
    %delayx 4;
    %load/vec4 v0000024be3e96080_0;
    %ix/load 4, 0, 0;
    %flag_set/imm 4, 0;
    %store/vec4 v0000024be3ef6c60_0, 4, 8;
    %load/vec4 v0000024be3e96e40_0;
    %concati/vec4 1, 0, 2;
    %pad/u 10;
    %ix/vec4 4;
    %load/vec4a v0000024be3e96300, 4;
    %store/vec4 v0000024be3e969e0_0, 0, 8;
    %pushi/vec4 40, 0, 64;
    %ix/vec4 4;
    %delayx 4;
    %load/vec4 v0000024be3e969e0_0;
    %ix/load 4, 8, 0;
    %flag_set/imm 4, 0;
    %store/vec4 v0000024be3ef6c60_0, 4, 8;
    %load/vec4 v0000024be3e96e40_0;
    %concati/vec4 2, 0, 2;
    %pad/u 10;
    %ix/vec4 4;
    %load/vec4a v0000024be3e96300, 4;
    %store/vec4 v0000024be3e96b20_0, 0, 8;
    %pushi/vec4 40, 0, 64;
    %ix/vec4 4;
    %delayx 4;
    %load/vec4 v0000024be3e96b20_0;
    %ix/load 4, 16, 0;
    %flag_set/imm 4, 0;
    %store/vec4 v0000024be3ef6c60_0, 4, 8;
    %load/vec4 v0000024be3e96e40_0;
    %concati/vec4 3, 0, 2;
    %pad/u 10;
    %ix/vec4 4;
    %load/vec4a v0000024be3e96300, 4;
    %store/vec4 v0000024be3e96bc0_0, 0, 8;
    %pushi/vec4 40, 0, 64;
    %ix/vec4 4;
    %delayx 4;
    %load/vec4 v0000024be3e96bc0_0;
    %ix/load 4, 24, 0;
    %flag_set/imm 4, 0;
    %store/vec4 v0000024be3ef6c60_0, 4, 8;
    %pushi/vec4 0, 0, 1;
    %store/vec4 v0000024be3e96120_0, 0, 1;
    %pushi/vec4 0, 0, 1;
    %store/vec4 v0000024be3ef70c0_0, 0, 1;
T_1.0 ;
    %load/vec4 v0000024be3ef6620_0;
    %flag_set/vec4 8;
    %jmp/0xz  T_1.2, 8;
    %load/vec4 v0000024be3ef64e0_0;
    %parti/s 8, 0, 2;
    %store/vec4 v0000024be3e964e0_0, 0, 8;
    %pushi/vec4 40, 0, 64;
    %ix/vec4 4;
    %delayx 4;
    %load/vec4 v0000024be3e964e0_0;
    %load/vec4 v0000024be3e96e40_0;
    %concati/vec4 0, 0, 2;
    %pad/u 10;
    %ix/vec4 4;
    %store/vec4a v0000024be3e96300, 4, 0;
    %load/vec4 v0000024be3ef64e0_0;
    %parti/s 8, 8, 5;
    %store/vec4 v0000024be3e968a0_0, 0, 8;
    %pushi/vec4 40, 0, 64;
    %ix/vec4 4;
    %delayx 4;
    %load/vec4 v0000024be3e968a0_0;
    %load/vec4 v0000024be3e96e40_0;
    %concati/vec4 1, 0, 2;
    %pad/u 10;
    %ix/vec4 4;
    %store/vec4a v0000024be3e96300, 4, 0;
    %load/vec4 v0000024be3ef64e0_0;
    %parti/s 8, 16, 6;
    %store/vec4 v0000024be3e96580_0, 0, 8;
    %pushi/vec4 40, 0, 64;
    %ix/vec4 4;
    %delayx 4;
    %load/vec4 v0000024be3e96580_0;
    %load/vec4 v0000024be3e96e40_0;
    %concati/vec4 2, 0, 2;
    %pad/u 10;
    %ix/vec4 4;
    %store/vec4a v0000024be3e96300, 4, 0;
    %load/vec4 v0000024be3ef64e0_0;
    %parti/s 8, 24, 6;
    %store/vec4 v0000024be3e96800_0, 0, 8;
    %pushi/vec4 40, 0, 64;
    %ix/vec4 4;
    %delayx 4;
    %load/vec4 v0000024be3e96800_0;
    %load/vec4 v0000024be3e96e40_0;
    %concati/vec4 3, 0, 2;
    %pad/u 10;
    %ix/vec4 4;
    %store/vec4a v0000024be3e96300, 4, 0;
    %pushi/vec4 0, 0, 1;
    %store/vec4 v0000024be3e96120_0, 0, 1;
    %pushi/vec4 0, 0, 1;
    %store/vec4 v0000024be3ef6620_0, 0, 1;
T_1.2 ;
    %jmp T_1;
    .thread T_1;
    .scope S_0000024be3e42830;
T_2 ;
    %wait E_0000024be3e97bc0;
    %load/vec4 v0000024be3ef63a0_0;
    %flag_set/vec4 8;
    %jmp/0xz  T_2.0, 8;
    %pushi/vec4 0, 0, 32;
    %store/vec4 v0000024be3e96260_0, 0, 32;
T_2.2 ;
    %load/vec4 v0000024be3e96260_0;
    %cmpi/s 256, 0, 32;
    %jmp/0xz T_2.3, 5;
    %pushi/vec4 0, 0, 8;
    %ix/getv/s 4, v0000024be3e96260_0;
    %store/vec4a v0000024be3e96300, 4, 0;
    %load/vec4 v0000024be3e96260_0;
    %addi 1, 0, 32;
    %store/vec4 v0000024be3e96260_0, 0, 32;
    %jmp T_2.2;
T_2.3 ;
    %pushi/vec4 0, 0, 1;
    %store/vec4 v0000024be3e96120_0, 0, 1;
    %pushi/vec4 0, 0, 1;
    %store/vec4 v0000024be3ef70c0_0, 0, 1;
    %pushi/vec4 0, 0, 1;
    %store/vec4 v0000024be3ef6620_0, 0, 1;
T_2.0 ;
    %jmp T_2;
    .thread T_2;
    .scope S_0000024be3e429c0;
T_3 ;
    %wait E_0000024be3e98e80;
    %load/vec4 v0000024be3ef7520_0;
    %flag_set/vec4 8;
    %jmp/1 T_3.2, 8;
    %load/vec4 v0000024be3ef6760_0;
    %flag_set/vec4 9;
    %flag_or 8, 9;
T_3.2;
    %jmp/0 T_3.0, 8;
    %pushi/vec4 1, 0, 2;
    %jmp/1 T_3.1, 8;
T_3.0 ; End of true expr.
    %pushi/vec4 0, 0, 2;
    %jmp/0 T_3.1, 8;
 ; End of false expr.
    %blend;
T_3.1;
    %pad/s 1;
    %store/vec4 v0000024be3ef61c0_0, 0, 1;
    %jmp T_3;
    .thread T_3, $push;
    .scope S_0000024be3e429c0;
T_4 ;
    %wait E_0000024be3e988c0;
    %delay 1, 0;
    %load/vec4 v0000024be3ef7980_0;
    %load/vec4 v0000024be3ef69e0_0;
    %cmp/e;
    %jmp/0xz  T_4.0, 4;
    %pushi/vec4 1, 0, 1;
    %store/vec4 v0000024be3ef7d40_0, 0, 1;
    %jmp T_4.1;
T_4.0 ;
    %pushi/vec4 0, 0, 1;
    %store/vec4 v0000024be3ef7d40_0, 0, 1;
T_4.1 ;
    %jmp T_4;
    .thread T_4, $push;
    .scope S_0000024be3e429c0;
T_5 ;
    %wait E_0000024be3e97600;
    %delay 1, 0;
    %load/vec4 v0000024be3ef72a0_0;
    %dup/vec4;
    %pushi/vec4 0, 0, 2;
    %cmp/u;
    %jmp/1 T_5.0, 6;
    %dup/vec4;
    %pushi/vec4 1, 0, 2;
    %cmp/u;
    %jmp/1 T_5.1, 6;
    %dup/vec4;
    %pushi/vec4 2, 0, 2;
    %cmp/u;
    %jmp/1 T_5.2, 6;
    %dup/vec4;
    %pushi/vec4 3, 0, 2;
    %cmp/u;
    %jmp/1 T_5.3, 6;
    %jmp T_5.4;
T_5.0 ;
    %load/vec4 v0000024be3ef7340_0;
    %pad/u 5;
    %ix/vec4 4;
    %load/vec4a v0000024be3ef7b60, 4;
    %parti/s 8, 0, 2;
    %store/vec4 v0000024be3ef6940_0, 0, 8;
    %jmp T_5.4;
T_5.1 ;
    %load/vec4 v0000024be3ef7340_0;
    %pad/u 5;
    %ix/vec4 4;
    %load/vec4a v0000024be3ef7b60, 4;
    %parti/s 8, 8, 5;
    %store/vec4 v0000024be3ef6940_0, 0, 8;
    %jmp T_5.4;
T_5.2 ;
    %load/vec4 v0000024be3ef7340_0;
    %pad/u 5;
    %ix/vec4 4;
    %load/vec4a v0000024be3ef7b60, 4;
    %parti/s 8, 16, 6;
    %store/vec4 v0000024be3ef6940_0, 0, 8;
    %jmp T_5.4;
T_5.3 ;
    %load/vec4 v0000024be3ef7340_0;
    %pad/u 5;
    %ix/vec4 4;
    %load/vec4a v0000024be3ef7b60, 4;
    %parti/s 8, 24, 6;
    %store/vec4 v0000024be3ef6940_0, 0, 8;
    %jmp T_5.4;
T_5.4 ;
    %pop/vec4 1;
    %jmp T_5;
    .thread T_5, $push;
    .scope S_0000024be3e429c0;
T_6 ;
    %wait E_0000024be3e976c0;
    %load/vec4 v0000024be3ef6e40_0;
    %flag_set/vec4 8;
    %jmp/0xz  T_6.0, 8;
    %load/vec4 v0000024be3ef7520_0;
    %flag_set/vec4 9;
    %flag_get/vec4 9;
    %jmp/0 T_6.4, 9;
    %load/vec4 v0000024be3ef6760_0;
    %nor/r;
    %and;
T_6.4;
    %flag_set/vec4 8;
    %jmp/0xz  T_6.2, 8;
    %pushi/vec4 0, 0, 1;
    %store/vec4 v0000024be3ef61c0_0, 0, 1;
    %pushi/vec4 0, 0, 1;
    %store/vec4 v0000024be3ef7d40_0, 0, 1;
    %jmp T_6.3;
T_6.2 ;
    %load/vec4 v0000024be3ef6760_0;
    %flag_set/vec4 9;
    %flag_get/vec4 9;
    %jmp/0 T_6.7, 9;
    %load/vec4 v0000024be3ef7520_0;
    %nor/r;
    %and;
T_6.7;
    %flag_set/vec4 8;
    %jmp/0xz  T_6.5, 8;
    %pushi/vec4 0, 0, 1;
    %store/vec4 v0000024be3ef61c0_0, 0, 1;
    %pushi/vec4 1, 0, 1;
    %store/vec4 v0000024be3ef7f20_0, 0, 1;
T_6.5 ;
T_6.3 ;
T_6.0 ;
    %jmp T_6;
    .thread T_6, $push;
    .scope S_0000024be3e429c0;
T_7 ;
    %wait E_0000024be3e975c0;
    %load/vec4 v0000024be3ef7f20_0;
    %pad/u 32;
    %cmpi/e 1, 0, 32;
    %jmp/0xz  T_7.0, 4;
    %delay 1, 0;
    %load/vec4 v0000024be3ef72a0_0;
    %dup/vec4;
    %pushi/vec4 0, 0, 2;
    %cmp/u;
    %jmp/1 T_7.2, 6;
    %dup/vec4;
    %pushi/vec4 1, 0, 2;
    %cmp/u;
    %jmp/1 T_7.3, 6;
    %dup/vec4;
    %pushi/vec4 2, 0, 2;
    %cmp/u;
    %jmp/1 T_7.4, 6;
    %dup/vec4;
    %pushi/vec4 3, 0, 2;
    %cmp/u;
    %jmp/1 T_7.5, 6;
    %jmp T_7.6;
T_7.2 ;
    %load/vec4 v0000024be3ef78e0_0;
    %load/vec4 v0000024be3ef7340_0;
    %pad/u 5;
    %ix/vec4 4;
    %flag_mov 8, 4;
    %ix/load 5, 0, 0;
    %flag_set/imm 4, 0;
    %flag_or 4, 8;
    %store/vec4a v0000024be3ef7b60, 4, 5;
    %jmp T_7.6;
T_7.3 ;
    %load/vec4 v0000024be3ef78e0_0;
    %load/vec4 v0000024be3ef7340_0;
    %pad/u 5;
    %ix/vec4 4;
    %flag_mov 8, 4;
    %ix/load 5, 8, 0;
    %flag_set/imm 4, 0;
    %flag_or 4, 8;
    %store/vec4a v0000024be3ef7b60, 4, 5;
    %jmp T_7.6;
T_7.4 ;
    %load/vec4 v0000024be3ef78e0_0;
    %load/vec4 v0000024be3ef7340_0;
    %pad/u 5;
    %ix/vec4 4;
    %flag_mov 8, 4;
    %ix/load 5, 16, 0;
    %flag_set/imm 4, 0;
    %flag_or 4, 8;
    %store/vec4a v0000024be3ef7b60, 4, 5;
    %jmp T_7.6;
T_7.5 ;
    %load/vec4 v0000024be3ef78e0_0;
    %load/vec4 v0000024be3ef7340_0;
    %pad/u 5;
    %ix/vec4 4;
    %flag_mov 8, 4;
    %ix/load 5, 24, 0;
    %flag_set/imm 4, 0;
    %flag_or 4, 8;
    %store/vec4a v0000024be3ef7b60, 4, 5;
    %jmp T_7.6;
T_7.6 ;
    %pop/vec4 1;
    %pushi/vec4 1, 0, 1;
    %load/vec4 v0000024be3ef7340_0;
    %pad/u 5;
    %ix/vec4 4;
    %store/vec4a v0000024be3ef6a80, 4, 0;
T_7.0 ;
    %jmp T_7;
    .thread T_7;
    .scope S_0000024be3e429c0;
T_8 ;
    %wait E_0000024be3e97500;
    %load/vec4 v0000024be3ef7ca0_0;
    %dup/vec4;
    %pushi/vec4 0, 0, 3;
    %cmp/u;
    %jmp/1 T_8.0, 6;
    %dup/vec4;
    %pushi/vec4 1, 0, 3;
    %cmp/u;
    %jmp/1 T_8.1, 6;
    %dup/vec4;
    %pushi/vec4 2, 0, 3;
    %cmp/u;
    %jmp/1 T_8.2, 6;
    %jmp T_8.3;
T_8.0 ;
    %load/vec4 v0000024be3ef7520_0;
    %flag_set/vec4 10;
    %jmp/1 T_8.8, 10;
    %load/vec4 v0000024be3ef6760_0;
    %flag_set/vec4 11;
    %flag_or 10, 11;
T_8.8;
    %flag_get/vec4 10;
    %jmp/0 T_8.7, 10;
    %load/vec4 v0000024be3ef7700_0;
    %nor/r;
    %and;
T_8.7;
    %flag_set/vec4 9;
    %flag_get/vec4 9;
    %jmp/0 T_8.6, 9;
    %load/vec4 v0000024be3ef6e40_0;
    %nor/r;
    %and;
T_8.6;
    %flag_set/vec4 8;
    %jmp/0xz  T_8.4, 8;
    %pushi/vec4 1, 0, 3;
    %store/vec4 v0000024be3ef7ac0_0, 0, 3;
    %jmp T_8.5;
T_8.4 ;
    %load/vec4 v0000024be3ef7520_0;
    %flag_set/vec4 10;
    %jmp/1 T_8.13, 10;
    %load/vec4 v0000024be3ef6760_0;
    %flag_set/vec4 11;
    %flag_or 10, 11;
T_8.13;
    %flag_get/vec4 10;
    %jmp/0 T_8.12, 10;
    %load/vec4 v0000024be3ef7700_0;
    %and;
T_8.12;
    %flag_set/vec4 9;
    %flag_get/vec4 9;
    %jmp/0 T_8.11, 9;
    %load/vec4 v0000024be3ef6e40_0;
    %nor/r;
    %and;
T_8.11;
    %flag_set/vec4 8;
    %jmp/0xz  T_8.9, 8;
    %pushi/vec4 2, 0, 3;
    %store/vec4 v0000024be3ef7ac0_0, 0, 3;
    %jmp T_8.10;
T_8.9 ;
    %pushi/vec4 0, 0, 3;
    %store/vec4 v0000024be3ef7ac0_0, 0, 3;
T_8.10 ;
T_8.5 ;
    %jmp T_8.3;
T_8.1 ;
    %load/vec4 v0000024be3ef6ee0_0;
    %nor/r;
    %flag_set/vec4 8;
    %jmp/0xz  T_8.14, 8;
    %pushi/vec4 0, 0, 3;
    %store/vec4 v0000024be3ef7ac0_0, 0, 3;
    %jmp T_8.15;
T_8.14 ;
    %pushi/vec4 1, 0, 3;
    %store/vec4 v0000024be3ef7ac0_0, 0, 3;
T_8.15 ;
    %jmp T_8.3;
T_8.2 ;
    %load/vec4 v0000024be3ef6ee0_0;
    %nor/r;
    %flag_set/vec4 8;
    %jmp/0xz  T_8.16, 8;
    %pushi/vec4 1, 0, 3;
    %store/vec4 v0000024be3ef7ac0_0, 0, 3;
    %jmp T_8.17;
T_8.16 ;
    %pushi/vec4 2, 0, 3;
    %store/vec4 v0000024be3ef7ac0_0, 0, 3;
T_8.17 ;
    %jmp T_8.3;
T_8.3 ;
    %pop/vec4 1;
    %jmp T_8;
    .thread T_8, $push;
    .scope S_0000024be3e429c0;
T_9 ;
    %wait E_0000024be3e974c0;
    %load/vec4 v0000024be3ef7ca0_0;
    %dup/vec4;
    %pushi/vec4 0, 0, 3;
    %cmp/u;
    %jmp/1 T_9.0, 6;
    %dup/vec4;
    %pushi/vec4 1, 0, 3;
    %cmp/u;
    %jmp/1 T_9.1, 6;
    %dup/vec4;
    %pushi/vec4 2, 0, 3;
    %cmp/u;
    %jmp/1 T_9.2, 6;
    %jmp T_9.3;
T_9.0 ;
    %pushi/vec4 0, 0, 1;
    %store/vec4 v0000024be3ef6260_0, 0, 1;
    %pushi/vec4 0, 0, 1;
    %store/vec4 v0000024be3ef7200_0, 0, 1;
    %pushi/vec4 63, 63, 6;
    %store/vec4 v0000024be3ef6580_0, 0, 6;
    %pushi/vec4 255, 255, 32;
    %store/vec4 v0000024be3ef7a20_0, 0, 32;
    %pushi/vec4 0, 0, 1;
    %store/vec4 v0000024be3ef61c0_0, 0, 1;
    %jmp T_9.3;
T_9.1 ;
    %pushi/vec4 1, 0, 1;
    %store/vec4 v0000024be3ef6260_0, 0, 1;
    %pushi/vec4 0, 0, 1;
    %store/vec4 v0000024be3ef7200_0, 0, 1;
    %load/vec4 v0000024be3ef7980_0;
    %load/vec4 v0000024be3ef7340_0;
    %concat/vec4; draw_concat_vec4
    %store/vec4 v0000024be3ef6580_0, 0, 6;
    %pushi/vec4 4294967295, 4294967295, 32;
    %store/vec4 v0000024be3ef7a20_0, 0, 32;
    %pushi/vec4 1, 0, 1;
    %store/vec4 v0000024be3ef61c0_0, 0, 1;
    %load/vec4 v0000024be3ef6ee0_0;
    %nor/r;
    %flag_set/vec4 8;
    %jmp/0xz  T_9.4, 8;
    %load/vec4 v0000024be3ef7020_0;
    %load/vec4 v0000024be3ef7340_0;
    %pad/u 5;
    %ix/vec4 4;
    %store/vec4a v0000024be3ef7b60, 4, 0;
    %pushi/vec4 1, 0, 1;
    %load/vec4 v0000024be3ef7340_0;
    %pad/u 5;
    %ix/vec4 4;
    %store/vec4a v0000024be3ef6300, 4, 0;
    %load/vec4 v0000024be3ef7980_0;
    %load/vec4 v0000024be3ef7340_0;
    %pad/u 5;
    %ix/vec4 4;
    %store/vec4a v0000024be3ef7c00, 4, 0;
T_9.4 ;
    %jmp T_9.3;
T_9.2 ;
    %pushi/vec4 0, 0, 1;
    %store/vec4 v0000024be3ef6260_0, 0, 1;
    %pushi/vec4 1, 0, 1;
    %store/vec4 v0000024be3ef7200_0, 0, 1;
    %load/vec4 v0000024be3ef69e0_0;
    %load/vec4 v0000024be3ef7340_0;
    %concat/vec4; draw_concat_vec4
    %store/vec4 v0000024be3ef6580_0, 0, 6;
    %load/vec4 v0000024be3ef7340_0;
    %pad/u 5;
    %ix/vec4 4;
    %load/vec4a v0000024be3ef7b60, 4;
    %store/vec4 v0000024be3ef7a20_0, 0, 32;
    %pushi/vec4 1, 0, 1;
    %store/vec4 v0000024be3ef61c0_0, 0, 1;
    %load/vec4 v0000024be3ef6ee0_0;
    %nor/r;
    %flag_set/vec4 8;
    %jmp/0xz  T_9.6, 8;
    %pushi/vec4 0, 0, 1;
    %load/vec4 v0000024be3ef7340_0;
    %pad/u 5;
    %ix/vec4 4;
    %store/vec4a v0000024be3ef6a80, 4, 0;
T_9.6 ;
    %jmp T_9.3;
T_9.3 ;
    %pop/vec4 1;
    %jmp T_9;
    .thread T_9, $push;
    .scope S_0000024be3e429c0;
T_10 ;
    %wait E_0000024be3e97700;
    %load/vec4 v0000024be3ef7e80_0;
    %flag_set/vec4 8;
    %jmp/0xz  T_10.0, 8;
    %pushi/vec4 0, 0, 3;
    %store/vec4 v0000024be3ef7ca0_0, 0, 3;
    %pushi/vec4 0, 0, 32;
    %store/vec4 v0000024be3ef7de0_0, 0, 32;
T_10.2 ;
    %load/vec4 v0000024be3ef7de0_0;
    %cmpi/s 7, 0, 32;
    %jmp/0xz T_10.3, 5;
    %pushi/vec4 0, 0, 1;
    %ix/getv/s 4, v0000024be3ef7de0_0;
    %store/vec4a v0000024be3ef6a80, 4, 0;
    %pushi/vec4 0, 0, 1;
    %ix/getv/s 4, v0000024be3ef7de0_0;
    %store/vec4a v0000024be3ef6300, 4, 0;
    %load/vec4 v0000024be3ef7de0_0;
    %addi 1, 0, 32;
    %store/vec4 v0000024be3ef7de0_0, 0, 32;
    %jmp T_10.2;
T_10.3 ;
    %jmp T_10.1;
T_10.0 ;
    %load/vec4 v0000024be3ef7ac0_0;
    %store/vec4 v0000024be3ef7ca0_0, 0, 3;
T_10.1 ;
    %jmp T_10;
    .thread T_10;
# The file index is used to find the file name in the following table.
:file_names 4;
    "N/A";
    "<interactive>";
    "./dataMemory.v";
    "dcacheFSM_skeleton.v";
