#! /c/Source/iverilog-install/bin/vvp
:ivl_version "12.0 (devel)" "(s20150603-1539-g2693dd32b)";
:ivl_delay_selection "TYPICAL";
:vpi_time_precision - 10;
:vpi_module "C:\iverilog\lib\ivl\system.vpi";
:vpi_module "C:\iverilog\lib\ivl\vhdl_sys.vpi";
:vpi_module "C:\iverilog\lib\ivl\vhdl_textio.vpi";
:vpi_module "C:\iverilog\lib\ivl\v2005_math.vpi";
:vpi_module "C:\iverilog\lib\ivl\va_math.vpi";
S_0000018a145f2df0 .scope module, "dcache" "dcache" 2 13;
 .timescale -9 -10;
    .port_info 0 /INPUT 1 "clock";
    .port_info 1 /INPUT 1 "read";
    .port_info 2 /INPUT 1 "write";
    .port_info 3 /OUTPUT 1 "busywait";
    .port_info 4 /INPUT 8 "cpu_address";
    .port_info 5 /INPUT 1 "reset";
    .port_info 6 /INPUT 8 "cpu_writeData";
    .port_info 7 /OUTPUT 8 "cpu_readData";
    .port_info 8 /OUTPUT 6 "mem_address";
    .port_info 9 /INPUT 1 "mem_busywait";
    .port_info 10 /OUTPUT 1 "mem_read";
    .port_info 11 /OUTPUT 1 "mem_write";
    .port_info 12 /INPUT 32 "mem_readData";
    .port_info 13 /OUTPUT 32 "mem_writeData";
P_0000018a145f2f80 .param/l "IDLE" 0 2 136, C4<000>;
P_0000018a145f2fb8 .param/l "MEM_READ" 0 2 136, C4<001>;
P_0000018a145f2ff0 .param/l "MEM_WRITE" 0 2 136, C4<010>;
L_0000018a14638fa0/d .functor BUFZ 3, L_0000018a14692280, C4<000>, C4<000>, C4<000>;
L_0000018a14638fa0 .delay 3 (10,10,10) L_0000018a14638fa0/d;
L_0000018a14639010/d .functor BUFZ 1, L_0000018a14691a60, C4<0>, C4<0>, C4<0>;
L_0000018a14639010 .delay 1 (10,10,10) L_0000018a14639010/d;
L_0000018a146928a8 .functor BUFT 1, C4<00>, C4<0>, C4<0>, C4<0>;
v0000018a14620400_0 .net *"_ivl_11", 1 0, L_0000018a146928a8;  1 drivers
v0000018a14620fe0_0 .net *"_ivl_14", 0 0, L_0000018a14691a60;  1 drivers
v0000018a14620680_0 .net *"_ivl_16", 4 0, L_0000018a146908e0;  1 drivers
L_0000018a146928f0 .functor BUFT 1, C4<00>, C4<0>, C4<0>, C4<0>;
v0000018a14620f40_0 .net *"_ivl_19", 1 0, L_0000018a146928f0;  1 drivers
v0000018a146204a0_0 .net *"_ivl_26", 0 0, L_0000018a14690a20;  1 drivers
v0000018a14620ae0_0 .net *"_ivl_28", 4 0, L_0000018a14692320;  1 drivers
L_0000018a14692938 .functor BUFT 1, C4<00>, C4<0>, C4<0>, C4<0>;
v0000018a14620a40_0 .net *"_ivl_31", 1 0, L_0000018a14692938;  1 drivers
v0000018a146200e0_0 .net *"_ivl_6", 2 0, L_0000018a14692280;  1 drivers
v0000018a14620b80_0 .net *"_ivl_8", 4 0, L_0000018a14690e80;  1 drivers
v0000018a14620c20_0 .var "busywait", 0 0;
v0000018a14620180 .array "cache_mem", 0 7, 31 0;
v0000018a14620720_0 .net "cache_tag", 2 0, L_0000018a14638fa0;  1 drivers
o0000018a1463f378 .functor BUFZ 1, C4<z>; HiZ drive
v0000018a14620d60_0 .net "clock", 0 0, o0000018a1463f378;  0 drivers
o0000018a1463f3a8 .functor BUFZ 8, C4<zzzzzzzz>; HiZ drive
v0000018a14620e00_0 .net "cpu_address", 7 0, o0000018a1463f3a8;  0 drivers
v0000018a14620360_0 .var "cpu_readData", 7 0;
o0000018a1463f408 .functor BUFZ 8, C4<zzzzzzzz>; HiZ drive
v0000018a146207c0_0 .net "cpu_writeData", 7 0, o0000018a1463f408;  0 drivers
v0000018a14620ea0_0 .net "dirty", 0 0, L_0000018a14639010;  1 drivers
v0000018a14620220 .array "dirty_array", 0 7, 0 0;
v0000018a14620540_0 .var "hit", 0 0;
v0000018a14620860_0 .var/i "i", 31 0;
v0000018a146916a0_0 .net "index", 2 0, L_0000018a146920a0;  1 drivers
v0000018a14690f20_0 .var "mem_address", 5 0;
o0000018a1463f528 .functor BUFZ 1, C4<z>; HiZ drive
v0000018a14691420_0 .net "mem_busywait", 0 0, o0000018a1463f528;  0 drivers
v0000018a14691d80_0 .var "mem_read", 0 0;
o0000018a1463f588 .functor BUFZ 32, C4<zzzzzzzzzzzzzzzzzzzzzzzzzzzzzzzz>; HiZ drive
v0000018a146926e0_0 .net "mem_readData", 31 0, o0000018a1463f588;  0 drivers
v0000018a14690ac0_0 .var "mem_write", 0 0;
v0000018a14691560_0 .var "mem_writeData", 31 0;
v0000018a14690980_0 .var "next_state", 2 0;
v0000018a14691920_0 .net "offset", 1 0, L_0000018a14692780;  1 drivers
o0000018a1463f678 .functor BUFZ 1, C4<z>; HiZ drive
v0000018a14690fc0_0 .net "read", 0 0, o0000018a1463f678;  0 drivers
o0000018a1463f6a8 .functor BUFZ 1, C4<z>; HiZ drive
v0000018a14690b60_0 .net "reset", 0 0, o0000018a1463f6a8;  0 drivers
v0000018a14691ec0_0 .var "state", 2 0;
v0000018a14692000_0 .net "tag", 2 0, L_0000018a14690c00;  1 drivers
v0000018a146921e0 .array "tag_array", 0 7, 2 0;
v0000018a14691100_0 .var "taghit", 0 0;
v0000018a146912e0 .array "valid_array", 0 7, 0 0;
o0000018a1463f768 .functor BUFZ 1, C4<z>; HiZ drive
v0000018a14690de0_0 .net "write", 0 0, o0000018a1463f768;  0 drivers
v0000018a14691f60_0 .var "writehit", 0 0;
E_0000018a1461c720/0 .event anyedge, v0000018a14690b60_0;
E_0000018a1461c720/1 .event posedge, v0000018a14620d60_0;
E_0000018a1461c720 .event/or E_0000018a1461c720/0, E_0000018a1461c720/1;
E_0000018a1461bda0/0 .event anyedge, v0000018a14691ec0_0, v0000018a14692000_0, v0000018a146916a0_0, v0000018a14691420_0;
v0000018a14620180_0 .array/port v0000018a14620180, 0;
v0000018a14620180_1 .array/port v0000018a14620180, 1;
E_0000018a1461bda0/1 .event anyedge, v0000018a146926e0_0, v0000018a14620720_0, v0000018a14620180_0, v0000018a14620180_1;
v0000018a14620180_2 .array/port v0000018a14620180, 2;
v0000018a14620180_3 .array/port v0000018a14620180, 3;
v0000018a14620180_4 .array/port v0000018a14620180, 4;
v0000018a14620180_5 .array/port v0000018a14620180, 5;
E_0000018a1461bda0/2 .event anyedge, v0000018a14620180_2, v0000018a14620180_3, v0000018a14620180_4, v0000018a14620180_5;
v0000018a14620180_6 .array/port v0000018a14620180, 6;
v0000018a14620180_7 .array/port v0000018a14620180, 7;
E_0000018a1461bda0/3 .event anyedge, v0000018a14620180_6, v0000018a14620180_7;
E_0000018a1461bda0 .event/or E_0000018a1461bda0/0, E_0000018a1461bda0/1, E_0000018a1461bda0/2, E_0000018a1461bda0/3;
E_0000018a1461c820/0 .event anyedge, v0000018a14691ec0_0, v0000018a14690fc0_0, v0000018a14690de0_0, v0000018a14620ea0_0;
E_0000018a1461c820/1 .event anyedge, v0000018a14620540_0, v0000018a14691420_0;
E_0000018a1461c820 .event/or E_0000018a1461c820/0, E_0000018a1461c820/1;
E_0000018a1461c920 .event posedge, v0000018a14620d60_0;
E_0000018a1461c9a0 .event anyedge, v0000018a14620540_0, v0000018a14690fc0_0, v0000018a14690de0_0;
E_0000018a1461ca20/0 .event anyedge, v0000018a14691ec0_0, v0000018a14690fc0_0, v0000018a14690de0_0, v0000018a14620ea0_0;
E_0000018a1461ca20/1 .event anyedge, v0000018a14620540_0;
E_0000018a1461ca20 .event/or E_0000018a1461ca20/0, E_0000018a1461ca20/1;
E_0000018a1461be60/0 .event anyedge, v0000018a14691920_0, v0000018a146916a0_0, v0000018a14620180_0, v0000018a14620180_1;
E_0000018a1461be60/1 .event anyedge, v0000018a14620180_2, v0000018a14620180_3, v0000018a14620180_4, v0000018a14620180_5;
E_0000018a1461be60/2 .event anyedge, v0000018a14620180_6, v0000018a14620180_7;
E_0000018a1461be60 .event/or E_0000018a1461be60/0, E_0000018a1461be60/1, E_0000018a1461be60/2;
E_0000018a145dc900 .event anyedge, L_0000018a14690a20, v0000018a14620720_0, v0000018a14692000_0, v0000018a146916a0_0;
L_0000018a14692780 .part o0000018a1463f3a8, 0, 2;
L_0000018a146920a0 .part o0000018a1463f3a8, 2, 3;
L_0000018a14690c00 .part o0000018a1463f3a8, 5, 3;
L_0000018a14692280 .array/port v0000018a146921e0, L_0000018a14690e80;
L_0000018a14690e80 .concat [ 3 2 0 0], L_0000018a146920a0, L_0000018a146928a8;
L_0000018a14691a60 .array/port v0000018a14620220, L_0000018a146908e0;
L_0000018a146908e0 .concat [ 3 2 0 0], L_0000018a146920a0, L_0000018a146928f0;
L_0000018a14690a20 .array/port v0000018a146912e0, L_0000018a14692320;
L_0000018a14692320 .concat [ 3 2 0 0], L_0000018a146920a0, L_0000018a14692938;
S_0000018a14623aa0 .scope begin, "$ivl_for_loop0" "$ivl_for_loop0" 2 114, 2 114 0, S_0000018a145f2df0;
 .timescale -9 -10;
v0000018a146202c0_0 .var/i "i", 31 0;
    .scope S_0000018a145f2df0;
T_0 ;
    %wait E_0000018a145dc900;
    %delay 9, 0;
    %load/vec4 v0000018a14692000_0;
    %load/vec4 v0000018a14620720_0;
    %cmp/e;
    %jmp/0xz  T_0.0, 4;
    %pushi/vec4 1, 0, 1;
    %store/vec4 v0000018a14691100_0, 0, 1;
    %jmp T_0.1;
T_0.0 ;
    %pushi/vec4 0, 0, 1;
    %store/vec4 v0000018a14691100_0, 0, 1;
T_0.1 ;
    %load/vec4 v0000018a14691100_0;
    %load/vec4 v0000018a146916a0_0;
    %pad/u 5;
    %ix/vec4 4;
    %load/vec4a v0000018a146912e0, 4;
    %and;
    %store/vec4 v0000018a14620540_0, 0, 1;
    %jmp T_0;
    .thread T_0, $push;
    .scope S_0000018a145f2df0;
T_1 ;
    %wait E_0000018a1461be60;
    %delay 10, 0;
    %load/vec4 v0000018a14691920_0;
    %dup/vec4;
    %pushi/vec4 0, 0, 2;
    %cmp/u;
    %jmp/1 T_1.0, 6;
    %dup/vec4;
    %pushi/vec4 1, 0, 2;
    %cmp/u;
    %jmp/1 T_1.1, 6;
    %dup/vec4;
    %pushi/vec4 2, 0, 2;
    %cmp/u;
    %jmp/1 T_1.2, 6;
    %dup/vec4;
    %pushi/vec4 3, 0, 2;
    %cmp/u;
    %jmp/1 T_1.3, 6;
    %jmp T_1.4;
T_1.0 ;
    %load/vec4 v0000018a146916a0_0;
    %pad/u 5;
    %ix/vec4 4;
    %load/vec4a v0000018a14620180, 4;
    %parti/s 8, 0, 2;
    %store/vec4 v0000018a14620360_0, 0, 8;
    %jmp T_1.4;
T_1.1 ;
    %load/vec4 v0000018a146916a0_0;
    %pad/u 5;
    %ix/vec4 4;
    %load/vec4a v0000018a14620180, 4;
    %parti/s 8, 8, 5;
    %store/vec4 v0000018a14620360_0, 0, 8;
    %jmp T_1.4;
T_1.2 ;
    %load/vec4 v0000018a146916a0_0;
    %pad/u 5;
    %ix/vec4 4;
    %load/vec4a v0000018a14620180, 4;
    %parti/s 8, 16, 6;
    %store/vec4 v0000018a14620360_0, 0, 8;
    %jmp T_1.4;
T_1.3 ;
    %load/vec4 v0000018a146916a0_0;
    %pad/u 5;
    %ix/vec4 4;
    %load/vec4a v0000018a14620180, 4;
    %parti/s 8, 24, 6;
    %store/vec4 v0000018a14620360_0, 0, 8;
    %jmp T_1.4;
T_1.4 ;
    %pop/vec4 1;
    %jmp T_1;
    .thread T_1, $push;
    .scope S_0000018a145f2df0;
T_2 ;
    %wait E_0000018a1461ca20;
    %load/vec4 v0000018a14691ec0_0;
    %cmpi/e 0, 0, 3;
    %jmp/0xz  T_2.0, 4;
    %load/vec4 v0000018a14690fc0_0;
    %flag_set/vec4 10;
    %jmp/1 T_2.6, 10;
    %load/vec4 v0000018a14690de0_0;
    %flag_set/vec4 11;
    %flag_or 10, 11;
T_2.6;
    %flag_get/vec4 10;
    %jmp/0 T_2.5, 10;
    %load/vec4 v0000018a14620ea0_0;
    %nor/r;
    %and;
T_2.5;
    %flag_set/vec4 9;
    %flag_get/vec4 9;
    %jmp/0 T_2.4, 9;
    %load/vec4 v0000018a14620540_0;
    %nor/r;
    %and;
T_2.4;
    %flag_set/vec4 8;
    %jmp/0xz  T_2.2, 8;
    %pushi/vec4 1, 0, 1;
    %store/vec4 v0000018a14620c20_0, 0, 1;
    %jmp T_2.3;
T_2.2 ;
    %load/vec4 v0000018a14690fc0_0;
    %flag_set/vec4 10;
    %jmp/1 T_2.11, 10;
    %load/vec4 v0000018a14690de0_0;
    %flag_set/vec4 11;
    %flag_or 10, 11;
T_2.11;
    %flag_get/vec4 10;
    %jmp/0 T_2.10, 10;
    %load/vec4 v0000018a14620ea0_0;
    %and;
T_2.10;
    %flag_set/vec4 9;
    %flag_get/vec4 9;
    %jmp/0 T_2.9, 9;
    %load/vec4 v0000018a14620540_0;
    %nor/r;
    %and;
T_2.9;
    %flag_set/vec4 8;
    %jmp/0xz  T_2.7, 8;
    %pushi/vec4 1, 0, 1;
    %store/vec4 v0000018a14620c20_0, 0, 1;
    %jmp T_2.8;
T_2.7 ;
    %pushi/vec4 0, 0, 1;
    %store/vec4 v0000018a14620c20_0, 0, 1;
T_2.8 ;
T_2.3 ;
T_2.0 ;
    %jmp T_2;
    .thread T_2, $push;
    .scope S_0000018a145f2df0;
T_3 ;
    %wait E_0000018a1461c9a0;
    %delay 10, 0;
    %load/vec4 v0000018a14620540_0;
    %flag_set/vec4 8;
    %jmp/0xz  T_3.0, 8;
    %load/vec4 v0000018a14690fc0_0;
    %flag_set/vec4 9;
    %flag_get/vec4 9;
    %jmp/0 T_3.4, 9;
    %load/vec4 v0000018a14690de0_0;
    %nor/r;
    %and;
T_3.4;
    %flag_set/vec4 8;
    %jmp/0xz  T_3.2, 8;
    %pushi/vec4 0, 0, 1;
    %store/vec4 v0000018a14691100_0, 0, 1;
    %jmp T_3.3;
T_3.2 ;
    %load/vec4 v0000018a14690de0_0;
    %flag_set/vec4 9;
    %flag_get/vec4 9;
    %jmp/0 T_3.7, 9;
    %load/vec4 v0000018a14690fc0_0;
    %nor/r;
    %and;
T_3.7;
    %flag_set/vec4 8;
    %jmp/0xz  T_3.5, 8;
    %pushi/vec4 1, 0, 1;
    %store/vec4 v0000018a14691f60_0, 0, 1;
T_3.5 ;
T_3.3 ;
T_3.0 ;
    %jmp T_3;
    .thread T_3, $push;
    .scope S_0000018a145f2df0;
T_4 ;
    %vpi_call 2 113 "$dumpfile", "cpu_wavedata.vcd" {0 0 0};
    %fork t_1, S_0000018a14623aa0;
    %jmp t_0;
    .scope S_0000018a14623aa0;
t_1 ;
    %pushi/vec4 0, 0, 32;
    %store/vec4 v0000018a146202c0_0, 0, 32;
T_4.0 ;
    %load/vec4 v0000018a146202c0_0;
    %cmpi/s 8, 0, 32;
    %jmp/0xz T_4.1, 5;
    %vpi_call 2 115 "$dumpvars", 32'sb00000000000000000000000000000001, &A<v0000018a14620180, v0000018a146202c0_0 > {0 0 0};
    ; show_stmt_assign_vector: Get l-value for compressed += operand
    %load/vec4 v0000018a146202c0_0;
    %pushi/vec4 1, 0, 32;
    %add;
    %store/vec4 v0000018a146202c0_0, 0, 32;
    %jmp T_4.0;
T_4.1 ;
    %end;
    .scope S_0000018a145f2df0;
t_0 %join;
    %end;
    .thread T_4;
    .scope S_0000018a145f2df0;
T_5 ;
    %wait E_0000018a1461c920;
    %load/vec4 v0000018a14691f60_0;
    %pad/u 32;
    %cmpi/e 1, 0, 32;
    %jmp/0xz  T_5.0, 4;
    %delay 10, 0;
    %load/vec4 v0000018a14691920_0;
    %dup/vec4;
    %pushi/vec4 0, 0, 2;
    %cmp/u;
    %jmp/1 T_5.2, 6;
    %dup/vec4;
    %pushi/vec4 1, 0, 2;
    %cmp/u;
    %jmp/1 T_5.3, 6;
    %dup/vec4;
    %pushi/vec4 2, 0, 2;
    %cmp/u;
    %jmp/1 T_5.4, 6;
    %dup/vec4;
    %pushi/vec4 3, 0, 2;
    %cmp/u;
    %jmp/1 T_5.5, 6;
    %jmp T_5.6;
T_5.2 ;
    %load/vec4 v0000018a146207c0_0;
    %load/vec4 v0000018a146916a0_0;
    %pad/u 5;
    %ix/vec4 4;
    %flag_mov 8, 4;
    %ix/load 5, 0, 0;
    %flag_set/imm 4, 0;
    %flag_or 4, 8;
    %store/vec4a v0000018a14620180, 4, 5;
    %jmp T_5.6;
T_5.3 ;
    %load/vec4 v0000018a146207c0_0;
    %load/vec4 v0000018a146916a0_0;
    %pad/u 5;
    %ix/vec4 4;
    %flag_mov 8, 4;
    %ix/load 5, 8, 0;
    %flag_set/imm 4, 0;
    %flag_or 4, 8;
    %store/vec4a v0000018a14620180, 4, 5;
    %jmp T_5.6;
T_5.4 ;
    %load/vec4 v0000018a146207c0_0;
    %load/vec4 v0000018a146916a0_0;
    %pad/u 5;
    %ix/vec4 4;
    %flag_mov 8, 4;
    %ix/load 5, 16, 0;
    %flag_set/imm 4, 0;
    %flag_or 4, 8;
    %store/vec4a v0000018a14620180, 4, 5;
    %jmp T_5.6;
T_5.5 ;
    %load/vec4 v0000018a146207c0_0;
    %load/vec4 v0000018a146916a0_0;
    %pad/u 5;
    %ix/vec4 4;
    %flag_mov 8, 4;
    %ix/load 5, 24, 0;
    %flag_set/imm 4, 0;
    %flag_or 4, 8;
    %store/vec4a v0000018a14620180, 4, 5;
    %jmp T_5.6;
T_5.6 ;
    %pop/vec4 1;
    %pushi/vec4 1, 0, 1;
    %load/vec4 v0000018a146916a0_0;
    %pad/u 5;
    %ix/vec4 4;
    %store/vec4a v0000018a14620220, 4, 0;
    %pushi/vec4 1, 0, 1;
    %load/vec4 v0000018a146916a0_0;
    %pad/u 5;
    %ix/vec4 4;
    %store/vec4a v0000018a146912e0, 4, 0;
    %pushi/vec4 0, 0, 1;
    %store/vec4 v0000018a14691f60_0, 0, 1;
T_5.0 ;
    %jmp T_5;
    .thread T_5;
    .scope S_0000018a145f2df0;
T_6 ;
    %wait E_0000018a1461c820;
    %load/vec4 v0000018a14691ec0_0;
    %dup/vec4;
    %pushi/vec4 0, 0, 3;
    %cmp/u;
    %jmp/1 T_6.0, 6;
    %dup/vec4;
    %pushi/vec4 1, 0, 3;
    %cmp/u;
    %jmp/1 T_6.1, 6;
    %dup/vec4;
    %pushi/vec4 2, 0, 3;
    %cmp/u;
    %jmp/1 T_6.2, 6;
    %jmp T_6.3;
T_6.0 ;
    %load/vec4 v0000018a14690fc0_0;
    %flag_set/vec4 10;
    %jmp/1 T_6.8, 10;
    %load/vec4 v0000018a14690de0_0;
    %flag_set/vec4 11;
    %flag_or 10, 11;
T_6.8;
    %flag_get/vec4 10;
    %jmp/0 T_6.7, 10;
    %load/vec4 v0000018a14620ea0_0;
    %nor/r;
    %and;
T_6.7;
    %flag_set/vec4 9;
    %flag_get/vec4 9;
    %jmp/0 T_6.6, 9;
    %load/vec4 v0000018a14620540_0;
    %nor/r;
    %and;
T_6.6;
    %flag_set/vec4 8;
    %jmp/0xz  T_6.4, 8;
    %pushi/vec4 1, 0, 3;
    %store/vec4 v0000018a14690980_0, 0, 3;
    %jmp T_6.5;
T_6.4 ;
    %load/vec4 v0000018a14690fc0_0;
    %flag_set/vec4 10;
    %jmp/1 T_6.13, 10;
    %load/vec4 v0000018a14690de0_0;
    %flag_set/vec4 11;
    %flag_or 10, 11;
T_6.13;
    %flag_get/vec4 10;
    %jmp/0 T_6.12, 10;
    %load/vec4 v0000018a14620ea0_0;
    %and;
T_6.12;
    %flag_set/vec4 9;
    %flag_get/vec4 9;
    %jmp/0 T_6.11, 9;
    %load/vec4 v0000018a14620540_0;
    %nor/r;
    %and;
T_6.11;
    %flag_set/vec4 8;
    %jmp/0xz  T_6.9, 8;
    %pushi/vec4 2, 0, 3;
    %store/vec4 v0000018a14690980_0, 0, 3;
    %jmp T_6.10;
T_6.9 ;
    %pushi/vec4 0, 0, 3;
    %store/vec4 v0000018a14690980_0, 0, 3;
T_6.10 ;
T_6.5 ;
    %jmp T_6.3;
T_6.1 ;
    %load/vec4 v0000018a14691420_0;
    %nor/r;
    %flag_set/vec4 8;
    %jmp/0xz  T_6.14, 8;
    %pushi/vec4 0, 0, 3;
    %store/vec4 v0000018a14690980_0, 0, 3;
    %jmp T_6.15;
T_6.14 ;
    %pushi/vec4 1, 0, 3;
    %store/vec4 v0000018a14690980_0, 0, 3;
T_6.15 ;
    %jmp T_6.3;
T_6.2 ;
    %load/vec4 v0000018a14691420_0;
    %nor/r;
    %flag_set/vec4 8;
    %jmp/0xz  T_6.16, 8;
    %pushi/vec4 1, 0, 3;
    %store/vec4 v0000018a14690980_0, 0, 3;
    %jmp T_6.17;
T_6.16 ;
    %pushi/vec4 2, 0, 3;
    %store/vec4 v0000018a14690980_0, 0, 3;
T_6.17 ;
    %jmp T_6.3;
T_6.3 ;
    %pop/vec4 1;
    %jmp T_6;
    .thread T_6, $push;
    .scope S_0000018a145f2df0;
T_7 ;
    %wait E_0000018a1461bda0;
    %load/vec4 v0000018a14691ec0_0;
    %dup/vec4;
    %pushi/vec4 0, 0, 3;
    %cmp/u;
    %jmp/1 T_7.0, 6;
    %dup/vec4;
    %pushi/vec4 1, 0, 3;
    %cmp/u;
    %jmp/1 T_7.1, 6;
    %dup/vec4;
    %pushi/vec4 2, 0, 3;
    %cmp/u;
    %jmp/1 T_7.2, 6;
    %jmp T_7.3;
T_7.0 ;
    %pushi/vec4 0, 0, 1;
    %store/vec4 v0000018a14691d80_0, 0, 1;
    %pushi/vec4 0, 0, 1;
    %store/vec4 v0000018a14690ac0_0, 0, 1;
    %pushi/vec4 63, 63, 6;
    %store/vec4 v0000018a14690f20_0, 0, 6;
    %pushi/vec4 255, 255, 32;
    %store/vec4 v0000018a14691560_0, 0, 32;
    %jmp T_7.3;
T_7.1 ;
    %pushi/vec4 1, 0, 1;
    %store/vec4 v0000018a14691d80_0, 0, 1;
    %pushi/vec4 0, 0, 1;
    %store/vec4 v0000018a14690ac0_0, 0, 1;
    %load/vec4 v0000018a14692000_0;
    %load/vec4 v0000018a146916a0_0;
    %concat/vec4; draw_concat_vec4
    %store/vec4 v0000018a14690f20_0, 0, 6;
    %pushi/vec4 4294967295, 4294967295, 32;
    %store/vec4 v0000018a14691560_0, 0, 32;
    %pushi/vec4 1, 0, 1;
    %store/vec4 v0000018a14620c20_0, 0, 1;
    %delay 10, 0;
    %load/vec4 v0000018a14691420_0;
    %nor/r;
    %flag_set/vec4 8;
    %jmp/0xz  T_7.4, 8;
    %load/vec4 v0000018a146926e0_0;
    %load/vec4 v0000018a146916a0_0;
    %pad/u 5;
    %ix/vec4 4;
    %store/vec4a v0000018a14620180, 4, 0;
    %pushi/vec4 1, 0, 1;
    %load/vec4 v0000018a146916a0_0;
    %pad/u 5;
    %ix/vec4 4;
    %store/vec4a v0000018a146912e0, 4, 0;
    %load/vec4 v0000018a14692000_0;
    %load/vec4 v0000018a146916a0_0;
    %pad/u 5;
    %ix/vec4 4;
    %store/vec4a v0000018a146921e0, 4, 0;
T_7.4 ;
    %jmp T_7.3;
T_7.2 ;
    %pushi/vec4 0, 0, 1;
    %store/vec4 v0000018a14691d80_0, 0, 1;
    %pushi/vec4 1, 0, 1;
    %store/vec4 v0000018a14690ac0_0, 0, 1;
    %load/vec4 v0000018a14620720_0;
    %load/vec4 v0000018a146916a0_0;
    %concat/vec4; draw_concat_vec4
    %store/vec4 v0000018a14690f20_0, 0, 6;
    %load/vec4 v0000018a146916a0_0;
    %pad/u 5;
    %ix/vec4 4;
    %load/vec4a v0000018a14620180, 4;
    %store/vec4 v0000018a14691560_0, 0, 32;
    %pushi/vec4 1, 0, 1;
    %store/vec4 v0000018a14620c20_0, 0, 1;
    %load/vec4 v0000018a14691420_0;
    %nor/r;
    %flag_set/vec4 8;
    %jmp/0xz  T_7.6, 8;
    %pushi/vec4 0, 0, 1;
    %load/vec4 v0000018a146916a0_0;
    %pad/u 5;
    %ix/vec4 4;
    %store/vec4a v0000018a14620220, 4, 0;
T_7.6 ;
    %jmp T_7.3;
T_7.3 ;
    %pop/vec4 1;
    %jmp T_7;
    .thread T_7, $push;
    .scope S_0000018a145f2df0;
T_8 ;
    %wait E_0000018a1461c720;
    %load/vec4 v0000018a14690b60_0;
    %flag_set/vec4 8;
    %jmp/0xz  T_8.0, 8;
    %pushi/vec4 0, 0, 3;
    %store/vec4 v0000018a14691ec0_0, 0, 3;
    %pushi/vec4 0, 0, 32;
    %store/vec4 v0000018a14620860_0, 0, 32;
T_8.2 ;
    %load/vec4 v0000018a14620860_0;
    %cmpi/s 7, 0, 32;
    %jmp/0xz T_8.3, 5;
    %pushi/vec4 0, 0, 1;
    %ix/getv/s 4, v0000018a14620860_0;
    %store/vec4a v0000018a14620220, 4, 0;
    %pushi/vec4 0, 0, 1;
    %ix/getv/s 4, v0000018a14620860_0;
    %store/vec4a v0000018a146912e0, 4, 0;
    %load/vec4 v0000018a14620860_0;
    %addi 1, 0, 32;
    %store/vec4 v0000018a14620860_0, 0, 32;
    %jmp T_8.2;
T_8.3 ;
    %jmp T_8.1;
T_8.0 ;
    %load/vec4 v0000018a14690980_0;
    %store/vec4 v0000018a14691ec0_0, 0, 3;
T_8.1 ;
    %jmp T_8;
    .thread T_8;
# The file index is used to find the file name in the following table.
:file_names 3;
    "N/A";
    "<interactive>";
    "dcache.v";
