#! /c/Source/iverilog-install/bin/vvp
:ivl_version "12.0 (devel)" "(s20150603-1539-g2693dd32b)";
:ivl_delay_selection "TYPICAL";
:vpi_time_precision + 0;
:vpi_module "C:\iverilog\lib\ivl\system.vpi";
:vpi_module "C:\iverilog\lib\ivl\vhdl_sys.vpi";
:vpi_module "C:\iverilog\lib\ivl\vhdl_textio.vpi";
:vpi_module "C:\iverilog\lib\ivl\v2005_math.vpi";
:vpi_module "C:\iverilog\lib\ivl\va_math.vpi";
S_00000240ce0c6000 .scope module, "Data_Memory" "Data_Memory" 2 1;
 .timescale 0 0;
    .port_info 0 /INPUT 8 "ADDRESS";
    .port_info 1 /INPUT 8 "WRITEDATA";
    .port_info 2 /INPUT 1 "WRITE";
    .port_info 3 /INPUT 1 "READ";
    .port_info 4 /OUTPUT 8 "READDATA";
    .port_info 5 /OUTPUT 1 "BUSYWAIT";
o00000240ce0d6fa8 .functor BUFZ 8, C4<zzzzzzzz>; HiZ drive
v00000240ce08b800_0 .net "ADDRESS", 7 0, o00000240ce0d6fa8;  0 drivers
v00000240ce08ade0_0 .var "BUSYWAIT", 0 0;
o00000240ce0d7008 .functor BUFZ 1, C4<z>; HiZ drive
v00000240ce0d4d70_0 .net "READ", 0 0, o00000240ce0d7008;  0 drivers
v00000240ce0d4e10_0 .var "READDATA", 7 0;
o00000240ce0d7068 .functor BUFZ 1, C4<z>; HiZ drive
v00000240ce0d4eb0_0 .net "WRITE", 0 0, o00000240ce0d7068;  0 drivers
o00000240ce0d7098 .functor BUFZ 8, C4<zzzzzzzz>; HiZ drive
v00000240ce0d4f50_0 .net "WRITEDATA", 7 0, o00000240ce0d7098;  0 drivers
v00000240ce0c6190 .array "data_memory", 0 255, 7 0;
v00000240ce0c6190_0 .array/port v00000240ce0c6190, 0;
v00000240ce0c6190_1 .array/port v00000240ce0c6190, 1;
E_00000240ce08ccb0/0 .event anyedge, v00000240ce0d4d70_0, v00000240ce08b800_0, v00000240ce0c6190_0, v00000240ce0c6190_1;
v00000240ce0c6190_2 .array/port v00000240ce0c6190, 2;
v00000240ce0c6190_3 .array/port v00000240ce0c6190, 3;
v00000240ce0c6190_4 .array/port v00000240ce0c6190, 4;
v00000240ce0c6190_5 .array/port v00000240ce0c6190, 5;
E_00000240ce08ccb0/1 .event anyedge, v00000240ce0c6190_2, v00000240ce0c6190_3, v00000240ce0c6190_4, v00000240ce0c6190_5;
v00000240ce0c6190_6 .array/port v00000240ce0c6190, 6;
v00000240ce0c6190_7 .array/port v00000240ce0c6190, 7;
v00000240ce0c6190_8 .array/port v00000240ce0c6190, 8;
v00000240ce0c6190_9 .array/port v00000240ce0c6190, 9;
E_00000240ce08ccb0/2 .event anyedge, v00000240ce0c6190_6, v00000240ce0c6190_7, v00000240ce0c6190_8, v00000240ce0c6190_9;
v00000240ce0c6190_10 .array/port v00000240ce0c6190, 10;
v00000240ce0c6190_11 .array/port v00000240ce0c6190, 11;
v00000240ce0c6190_12 .array/port v00000240ce0c6190, 12;
v00000240ce0c6190_13 .array/port v00000240ce0c6190, 13;
E_00000240ce08ccb0/3 .event anyedge, v00000240ce0c6190_10, v00000240ce0c6190_11, v00000240ce0c6190_12, v00000240ce0c6190_13;
v00000240ce0c6190_14 .array/port v00000240ce0c6190, 14;
v00000240ce0c6190_15 .array/port v00000240ce0c6190, 15;
v00000240ce0c6190_16 .array/port v00000240ce0c6190, 16;
v00000240ce0c6190_17 .array/port v00000240ce0c6190, 17;
E_00000240ce08ccb0/4 .event anyedge, v00000240ce0c6190_14, v00000240ce0c6190_15, v00000240ce0c6190_16, v00000240ce0c6190_17;
v00000240ce0c6190_18 .array/port v00000240ce0c6190, 18;
v00000240ce0c6190_19 .array/port v00000240ce0c6190, 19;
v00000240ce0c6190_20 .array/port v00000240ce0c6190, 20;
v00000240ce0c6190_21 .array/port v00000240ce0c6190, 21;
E_00000240ce08ccb0/5 .event anyedge, v00000240ce0c6190_18, v00000240ce0c6190_19, v00000240ce0c6190_20, v00000240ce0c6190_21;
v00000240ce0c6190_22 .array/port v00000240ce0c6190, 22;
v00000240ce0c6190_23 .array/port v00000240ce0c6190, 23;
v00000240ce0c6190_24 .array/port v00000240ce0c6190, 24;
v00000240ce0c6190_25 .array/port v00000240ce0c6190, 25;
E_00000240ce08ccb0/6 .event anyedge, v00000240ce0c6190_22, v00000240ce0c6190_23, v00000240ce0c6190_24, v00000240ce0c6190_25;
v00000240ce0c6190_26 .array/port v00000240ce0c6190, 26;
v00000240ce0c6190_27 .array/port v00000240ce0c6190, 27;
v00000240ce0c6190_28 .array/port v00000240ce0c6190, 28;
v00000240ce0c6190_29 .array/port v00000240ce0c6190, 29;
E_00000240ce08ccb0/7 .event anyedge, v00000240ce0c6190_26, v00000240ce0c6190_27, v00000240ce0c6190_28, v00000240ce0c6190_29;
v00000240ce0c6190_30 .array/port v00000240ce0c6190, 30;
v00000240ce0c6190_31 .array/port v00000240ce0c6190, 31;
v00000240ce0c6190_32 .array/port v00000240ce0c6190, 32;
v00000240ce0c6190_33 .array/port v00000240ce0c6190, 33;
E_00000240ce08ccb0/8 .event anyedge, v00000240ce0c6190_30, v00000240ce0c6190_31, v00000240ce0c6190_32, v00000240ce0c6190_33;
v00000240ce0c6190_34 .array/port v00000240ce0c6190, 34;
v00000240ce0c6190_35 .array/port v00000240ce0c6190, 35;
v00000240ce0c6190_36 .array/port v00000240ce0c6190, 36;
v00000240ce0c6190_37 .array/port v00000240ce0c6190, 37;
E_00000240ce08ccb0/9 .event anyedge, v00000240ce0c6190_34, v00000240ce0c6190_35, v00000240ce0c6190_36, v00000240ce0c6190_37;
v00000240ce0c6190_38 .array/port v00000240ce0c6190, 38;
v00000240ce0c6190_39 .array/port v00000240ce0c6190, 39;
v00000240ce0c6190_40 .array/port v00000240ce0c6190, 40;
v00000240ce0c6190_41 .array/port v00000240ce0c6190, 41;
E_00000240ce08ccb0/10 .event anyedge, v00000240ce0c6190_38, v00000240ce0c6190_39, v00000240ce0c6190_40, v00000240ce0c6190_41;
v00000240ce0c6190_42 .array/port v00000240ce0c6190, 42;
v00000240ce0c6190_43 .array/port v00000240ce0c6190, 43;
v00000240ce0c6190_44 .array/port v00000240ce0c6190, 44;
v00000240ce0c6190_45 .array/port v00000240ce0c6190, 45;
E_00000240ce08ccb0/11 .event anyedge, v00000240ce0c6190_42, v00000240ce0c6190_43, v00000240ce0c6190_44, v00000240ce0c6190_45;
v00000240ce0c6190_46 .array/port v00000240ce0c6190, 46;
v00000240ce0c6190_47 .array/port v00000240ce0c6190, 47;
v00000240ce0c6190_48 .array/port v00000240ce0c6190, 48;
v00000240ce0c6190_49 .array/port v00000240ce0c6190, 49;
E_00000240ce08ccb0/12 .event anyedge, v00000240ce0c6190_46, v00000240ce0c6190_47, v00000240ce0c6190_48, v00000240ce0c6190_49;
v00000240ce0c6190_50 .array/port v00000240ce0c6190, 50;
v00000240ce0c6190_51 .array/port v00000240ce0c6190, 51;
v00000240ce0c6190_52 .array/port v00000240ce0c6190, 52;
v00000240ce0c6190_53 .array/port v00000240ce0c6190, 53;
E_00000240ce08ccb0/13 .event anyedge, v00000240ce0c6190_50, v00000240ce0c6190_51, v00000240ce0c6190_52, v00000240ce0c6190_53;
v00000240ce0c6190_54 .array/port v00000240ce0c6190, 54;
v00000240ce0c6190_55 .array/port v00000240ce0c6190, 55;
v00000240ce0c6190_56 .array/port v00000240ce0c6190, 56;
v00000240ce0c6190_57 .array/port v00000240ce0c6190, 57;
E_00000240ce08ccb0/14 .event anyedge, v00000240ce0c6190_54, v00000240ce0c6190_55, v00000240ce0c6190_56, v00000240ce0c6190_57;
v00000240ce0c6190_58 .array/port v00000240ce0c6190, 58;
v00000240ce0c6190_59 .array/port v00000240ce0c6190, 59;
v00000240ce0c6190_60 .array/port v00000240ce0c6190, 60;
v00000240ce0c6190_61 .array/port v00000240ce0c6190, 61;
E_00000240ce08ccb0/15 .event anyedge, v00000240ce0c6190_58, v00000240ce0c6190_59, v00000240ce0c6190_60, v00000240ce0c6190_61;
v00000240ce0c6190_62 .array/port v00000240ce0c6190, 62;
v00000240ce0c6190_63 .array/port v00000240ce0c6190, 63;
v00000240ce0c6190_64 .array/port v00000240ce0c6190, 64;
v00000240ce0c6190_65 .array/port v00000240ce0c6190, 65;
E_00000240ce08ccb0/16 .event anyedge, v00000240ce0c6190_62, v00000240ce0c6190_63, v00000240ce0c6190_64, v00000240ce0c6190_65;
v00000240ce0c6190_66 .array/port v00000240ce0c6190, 66;
v00000240ce0c6190_67 .array/port v00000240ce0c6190, 67;
v00000240ce0c6190_68 .array/port v00000240ce0c6190, 68;
v00000240ce0c6190_69 .array/port v00000240ce0c6190, 69;
E_00000240ce08ccb0/17 .event anyedge, v00000240ce0c6190_66, v00000240ce0c6190_67, v00000240ce0c6190_68, v00000240ce0c6190_69;
v00000240ce0c6190_70 .array/port v00000240ce0c6190, 70;
v00000240ce0c6190_71 .array/port v00000240ce0c6190, 71;
v00000240ce0c6190_72 .array/port v00000240ce0c6190, 72;
v00000240ce0c6190_73 .array/port v00000240ce0c6190, 73;
E_00000240ce08ccb0/18 .event anyedge, v00000240ce0c6190_70, v00000240ce0c6190_71, v00000240ce0c6190_72, v00000240ce0c6190_73;
v00000240ce0c6190_74 .array/port v00000240ce0c6190, 74;
v00000240ce0c6190_75 .array/port v00000240ce0c6190, 75;
v00000240ce0c6190_76 .array/port v00000240ce0c6190, 76;
v00000240ce0c6190_77 .array/port v00000240ce0c6190, 77;
E_00000240ce08ccb0/19 .event anyedge, v00000240ce0c6190_74, v00000240ce0c6190_75, v00000240ce0c6190_76, v00000240ce0c6190_77;
v00000240ce0c6190_78 .array/port v00000240ce0c6190, 78;
v00000240ce0c6190_79 .array/port v00000240ce0c6190, 79;
v00000240ce0c6190_80 .array/port v00000240ce0c6190, 80;
v00000240ce0c6190_81 .array/port v00000240ce0c6190, 81;
E_00000240ce08ccb0/20 .event anyedge, v00000240ce0c6190_78, v00000240ce0c6190_79, v00000240ce0c6190_80, v00000240ce0c6190_81;
v00000240ce0c6190_82 .array/port v00000240ce0c6190, 82;
v00000240ce0c6190_83 .array/port v00000240ce0c6190, 83;
v00000240ce0c6190_84 .array/port v00000240ce0c6190, 84;
v00000240ce0c6190_85 .array/port v00000240ce0c6190, 85;
E_00000240ce08ccb0/21 .event anyedge, v00000240ce0c6190_82, v00000240ce0c6190_83, v00000240ce0c6190_84, v00000240ce0c6190_85;
v00000240ce0c6190_86 .array/port v00000240ce0c6190, 86;
v00000240ce0c6190_87 .array/port v00000240ce0c6190, 87;
v00000240ce0c6190_88 .array/port v00000240ce0c6190, 88;
v00000240ce0c6190_89 .array/port v00000240ce0c6190, 89;
E_00000240ce08ccb0/22 .event anyedge, v00000240ce0c6190_86, v00000240ce0c6190_87, v00000240ce0c6190_88, v00000240ce0c6190_89;
v00000240ce0c6190_90 .array/port v00000240ce0c6190, 90;
v00000240ce0c6190_91 .array/port v00000240ce0c6190, 91;
v00000240ce0c6190_92 .array/port v00000240ce0c6190, 92;
v00000240ce0c6190_93 .array/port v00000240ce0c6190, 93;
E_00000240ce08ccb0/23 .event anyedge, v00000240ce0c6190_90, v00000240ce0c6190_91, v00000240ce0c6190_92, v00000240ce0c6190_93;
v00000240ce0c6190_94 .array/port v00000240ce0c6190, 94;
v00000240ce0c6190_95 .array/port v00000240ce0c6190, 95;
v00000240ce0c6190_96 .array/port v00000240ce0c6190, 96;
v00000240ce0c6190_97 .array/port v00000240ce0c6190, 97;
E_00000240ce08ccb0/24 .event anyedge, v00000240ce0c6190_94, v00000240ce0c6190_95, v00000240ce0c6190_96, v00000240ce0c6190_97;
v00000240ce0c6190_98 .array/port v00000240ce0c6190, 98;
v00000240ce0c6190_99 .array/port v00000240ce0c6190, 99;
v00000240ce0c6190_100 .array/port v00000240ce0c6190, 100;
v00000240ce0c6190_101 .array/port v00000240ce0c6190, 101;
E_00000240ce08ccb0/25 .event anyedge, v00000240ce0c6190_98, v00000240ce0c6190_99, v00000240ce0c6190_100, v00000240ce0c6190_101;
v00000240ce0c6190_102 .array/port v00000240ce0c6190, 102;
v00000240ce0c6190_103 .array/port v00000240ce0c6190, 103;
v00000240ce0c6190_104 .array/port v00000240ce0c6190, 104;
v00000240ce0c6190_105 .array/port v00000240ce0c6190, 105;
E_00000240ce08ccb0/26 .event anyedge, v00000240ce0c6190_102, v00000240ce0c6190_103, v00000240ce0c6190_104, v00000240ce0c6190_105;
v00000240ce0c6190_106 .array/port v00000240ce0c6190, 106;
v00000240ce0c6190_107 .array/port v00000240ce0c6190, 107;
v00000240ce0c6190_108 .array/port v00000240ce0c6190, 108;
v00000240ce0c6190_109 .array/port v00000240ce0c6190, 109;
E_00000240ce08ccb0/27 .event anyedge, v00000240ce0c6190_106, v00000240ce0c6190_107, v00000240ce0c6190_108, v00000240ce0c6190_109;
v00000240ce0c6190_110 .array/port v00000240ce0c6190, 110;
v00000240ce0c6190_111 .array/port v00000240ce0c6190, 111;
v00000240ce0c6190_112 .array/port v00000240ce0c6190, 112;
v00000240ce0c6190_113 .array/port v00000240ce0c6190, 113;
E_00000240ce08ccb0/28 .event anyedge, v00000240ce0c6190_110, v00000240ce0c6190_111, v00000240ce0c6190_112, v00000240ce0c6190_113;
v00000240ce0c6190_114 .array/port v00000240ce0c6190, 114;
v00000240ce0c6190_115 .array/port v00000240ce0c6190, 115;
v00000240ce0c6190_116 .array/port v00000240ce0c6190, 116;
v00000240ce0c6190_117 .array/port v00000240ce0c6190, 117;
E_00000240ce08ccb0/29 .event anyedge, v00000240ce0c6190_114, v00000240ce0c6190_115, v00000240ce0c6190_116, v00000240ce0c6190_117;
v00000240ce0c6190_118 .array/port v00000240ce0c6190, 118;
v00000240ce0c6190_119 .array/port v00000240ce0c6190, 119;
v00000240ce0c6190_120 .array/port v00000240ce0c6190, 120;
v00000240ce0c6190_121 .array/port v00000240ce0c6190, 121;
E_00000240ce08ccb0/30 .event anyedge, v00000240ce0c6190_118, v00000240ce0c6190_119, v00000240ce0c6190_120, v00000240ce0c6190_121;
v00000240ce0c6190_122 .array/port v00000240ce0c6190, 122;
v00000240ce0c6190_123 .array/port v00000240ce0c6190, 123;
v00000240ce0c6190_124 .array/port v00000240ce0c6190, 124;
v00000240ce0c6190_125 .array/port v00000240ce0c6190, 125;
E_00000240ce08ccb0/31 .event anyedge, v00000240ce0c6190_122, v00000240ce0c6190_123, v00000240ce0c6190_124, v00000240ce0c6190_125;
v00000240ce0c6190_126 .array/port v00000240ce0c6190, 126;
v00000240ce0c6190_127 .array/port v00000240ce0c6190, 127;
v00000240ce0c6190_128 .array/port v00000240ce0c6190, 128;
v00000240ce0c6190_129 .array/port v00000240ce0c6190, 129;
E_00000240ce08ccb0/32 .event anyedge, v00000240ce0c6190_126, v00000240ce0c6190_127, v00000240ce0c6190_128, v00000240ce0c6190_129;
v00000240ce0c6190_130 .array/port v00000240ce0c6190, 130;
v00000240ce0c6190_131 .array/port v00000240ce0c6190, 131;
v00000240ce0c6190_132 .array/port v00000240ce0c6190, 132;
v00000240ce0c6190_133 .array/port v00000240ce0c6190, 133;
E_00000240ce08ccb0/33 .event anyedge, v00000240ce0c6190_130, v00000240ce0c6190_131, v00000240ce0c6190_132, v00000240ce0c6190_133;
v00000240ce0c6190_134 .array/port v00000240ce0c6190, 134;
v00000240ce0c6190_135 .array/port v00000240ce0c6190, 135;
v00000240ce0c6190_136 .array/port v00000240ce0c6190, 136;
v00000240ce0c6190_137 .array/port v00000240ce0c6190, 137;
E_00000240ce08ccb0/34 .event anyedge, v00000240ce0c6190_134, v00000240ce0c6190_135, v00000240ce0c6190_136, v00000240ce0c6190_137;
v00000240ce0c6190_138 .array/port v00000240ce0c6190, 138;
v00000240ce0c6190_139 .array/port v00000240ce0c6190, 139;
v00000240ce0c6190_140 .array/port v00000240ce0c6190, 140;
v00000240ce0c6190_141 .array/port v00000240ce0c6190, 141;
E_00000240ce08ccb0/35 .event anyedge, v00000240ce0c6190_138, v00000240ce0c6190_139, v00000240ce0c6190_140, v00000240ce0c6190_141;
v00000240ce0c6190_142 .array/port v00000240ce0c6190, 142;
v00000240ce0c6190_143 .array/port v00000240ce0c6190, 143;
v00000240ce0c6190_144 .array/port v00000240ce0c6190, 144;
v00000240ce0c6190_145 .array/port v00000240ce0c6190, 145;
E_00000240ce08ccb0/36 .event anyedge, v00000240ce0c6190_142, v00000240ce0c6190_143, v00000240ce0c6190_144, v00000240ce0c6190_145;
v00000240ce0c6190_146 .array/port v00000240ce0c6190, 146;
v00000240ce0c6190_147 .array/port v00000240ce0c6190, 147;
v00000240ce0c6190_148 .array/port v00000240ce0c6190, 148;
v00000240ce0c6190_149 .array/port v00000240ce0c6190, 149;
E_00000240ce08ccb0/37 .event anyedge, v00000240ce0c6190_146, v00000240ce0c6190_147, v00000240ce0c6190_148, v00000240ce0c6190_149;
v00000240ce0c6190_150 .array/port v00000240ce0c6190, 150;
v00000240ce0c6190_151 .array/port v00000240ce0c6190, 151;
v00000240ce0c6190_152 .array/port v00000240ce0c6190, 152;
v00000240ce0c6190_153 .array/port v00000240ce0c6190, 153;
E_00000240ce08ccb0/38 .event anyedge, v00000240ce0c6190_150, v00000240ce0c6190_151, v00000240ce0c6190_152, v00000240ce0c6190_153;
v00000240ce0c6190_154 .array/port v00000240ce0c6190, 154;
v00000240ce0c6190_155 .array/port v00000240ce0c6190, 155;
v00000240ce0c6190_156 .array/port v00000240ce0c6190, 156;
v00000240ce0c6190_157 .array/port v00000240ce0c6190, 157;
E_00000240ce08ccb0/39 .event anyedge, v00000240ce0c6190_154, v00000240ce0c6190_155, v00000240ce0c6190_156, v00000240ce0c6190_157;
v00000240ce0c6190_158 .array/port v00000240ce0c6190, 158;
v00000240ce0c6190_159 .array/port v00000240ce0c6190, 159;
v00000240ce0c6190_160 .array/port v00000240ce0c6190, 160;
v00000240ce0c6190_161 .array/port v00000240ce0c6190, 161;
E_00000240ce08ccb0/40 .event anyedge, v00000240ce0c6190_158, v00000240ce0c6190_159, v00000240ce0c6190_160, v00000240ce0c6190_161;
v00000240ce0c6190_162 .array/port v00000240ce0c6190, 162;
v00000240ce0c6190_163 .array/port v00000240ce0c6190, 163;
v00000240ce0c6190_164 .array/port v00000240ce0c6190, 164;
v00000240ce0c6190_165 .array/port v00000240ce0c6190, 165;
E_00000240ce08ccb0/41 .event anyedge, v00000240ce0c6190_162, v00000240ce0c6190_163, v00000240ce0c6190_164, v00000240ce0c6190_165;
v00000240ce0c6190_166 .array/port v00000240ce0c6190, 166;
v00000240ce0c6190_167 .array/port v00000240ce0c6190, 167;
v00000240ce0c6190_168 .array/port v00000240ce0c6190, 168;
v00000240ce0c6190_169 .array/port v00000240ce0c6190, 169;
E_00000240ce08ccb0/42 .event anyedge, v00000240ce0c6190_166, v00000240ce0c6190_167, v00000240ce0c6190_168, v00000240ce0c6190_169;
v00000240ce0c6190_170 .array/port v00000240ce0c6190, 170;
v00000240ce0c6190_171 .array/port v00000240ce0c6190, 171;
v00000240ce0c6190_172 .array/port v00000240ce0c6190, 172;
v00000240ce0c6190_173 .array/port v00000240ce0c6190, 173;
E_00000240ce08ccb0/43 .event anyedge, v00000240ce0c6190_170, v00000240ce0c6190_171, v00000240ce0c6190_172, v00000240ce0c6190_173;
v00000240ce0c6190_174 .array/port v00000240ce0c6190, 174;
v00000240ce0c6190_175 .array/port v00000240ce0c6190, 175;
v00000240ce0c6190_176 .array/port v00000240ce0c6190, 176;
v00000240ce0c6190_177 .array/port v00000240ce0c6190, 177;
E_00000240ce08ccb0/44 .event anyedge, v00000240ce0c6190_174, v00000240ce0c6190_175, v00000240ce0c6190_176, v00000240ce0c6190_177;
v00000240ce0c6190_178 .array/port v00000240ce0c6190, 178;
v00000240ce0c6190_179 .array/port v00000240ce0c6190, 179;
v00000240ce0c6190_180 .array/port v00000240ce0c6190, 180;
v00000240ce0c6190_181 .array/port v00000240ce0c6190, 181;
E_00000240ce08ccb0/45 .event anyedge, v00000240ce0c6190_178, v00000240ce0c6190_179, v00000240ce0c6190_180, v00000240ce0c6190_181;
v00000240ce0c6190_182 .array/port v00000240ce0c6190, 182;
v00000240ce0c6190_183 .array/port v00000240ce0c6190, 183;
v00000240ce0c6190_184 .array/port v00000240ce0c6190, 184;
v00000240ce0c6190_185 .array/port v00000240ce0c6190, 185;
E_00000240ce08ccb0/46 .event anyedge, v00000240ce0c6190_182, v00000240ce0c6190_183, v00000240ce0c6190_184, v00000240ce0c6190_185;
v00000240ce0c6190_186 .array/port v00000240ce0c6190, 186;
v00000240ce0c6190_187 .array/port v00000240ce0c6190, 187;
v00000240ce0c6190_188 .array/port v00000240ce0c6190, 188;
v00000240ce0c6190_189 .array/port v00000240ce0c6190, 189;
E_00000240ce08ccb0/47 .event anyedge, v00000240ce0c6190_186, v00000240ce0c6190_187, v00000240ce0c6190_188, v00000240ce0c6190_189;
v00000240ce0c6190_190 .array/port v00000240ce0c6190, 190;
v00000240ce0c6190_191 .array/port v00000240ce0c6190, 191;
v00000240ce0c6190_192 .array/port v00000240ce0c6190, 192;
v00000240ce0c6190_193 .array/port v00000240ce0c6190, 193;
E_00000240ce08ccb0/48 .event anyedge, v00000240ce0c6190_190, v00000240ce0c6190_191, v00000240ce0c6190_192, v00000240ce0c6190_193;
v00000240ce0c6190_194 .array/port v00000240ce0c6190, 194;
v00000240ce0c6190_195 .array/port v00000240ce0c6190, 195;
v00000240ce0c6190_196 .array/port v00000240ce0c6190, 196;
v00000240ce0c6190_197 .array/port v00000240ce0c6190, 197;
E_00000240ce08ccb0/49 .event anyedge, v00000240ce0c6190_194, v00000240ce0c6190_195, v00000240ce0c6190_196, v00000240ce0c6190_197;
v00000240ce0c6190_198 .array/port v00000240ce0c6190, 198;
v00000240ce0c6190_199 .array/port v00000240ce0c6190, 199;
v00000240ce0c6190_200 .array/port v00000240ce0c6190, 200;
v00000240ce0c6190_201 .array/port v00000240ce0c6190, 201;
E_00000240ce08ccb0/50 .event anyedge, v00000240ce0c6190_198, v00000240ce0c6190_199, v00000240ce0c6190_200, v00000240ce0c6190_201;
v00000240ce0c6190_202 .array/port v00000240ce0c6190, 202;
v00000240ce0c6190_203 .array/port v00000240ce0c6190, 203;
v00000240ce0c6190_204 .array/port v00000240ce0c6190, 204;
v00000240ce0c6190_205 .array/port v00000240ce0c6190, 205;
E_00000240ce08ccb0/51 .event anyedge, v00000240ce0c6190_202, v00000240ce0c6190_203, v00000240ce0c6190_204, v00000240ce0c6190_205;
v00000240ce0c6190_206 .array/port v00000240ce0c6190, 206;
v00000240ce0c6190_207 .array/port v00000240ce0c6190, 207;
v00000240ce0c6190_208 .array/port v00000240ce0c6190, 208;
v00000240ce0c6190_209 .array/port v00000240ce0c6190, 209;
E_00000240ce08ccb0/52 .event anyedge, v00000240ce0c6190_206, v00000240ce0c6190_207, v00000240ce0c6190_208, v00000240ce0c6190_209;
v00000240ce0c6190_210 .array/port v00000240ce0c6190, 210;
v00000240ce0c6190_211 .array/port v00000240ce0c6190, 211;
v00000240ce0c6190_212 .array/port v00000240ce0c6190, 212;
v00000240ce0c6190_213 .array/port v00000240ce0c6190, 213;
E_00000240ce08ccb0/53 .event anyedge, v00000240ce0c6190_210, v00000240ce0c6190_211, v00000240ce0c6190_212, v00000240ce0c6190_213;
v00000240ce0c6190_214 .array/port v00000240ce0c6190, 214;
v00000240ce0c6190_215 .array/port v00000240ce0c6190, 215;
v00000240ce0c6190_216 .array/port v00000240ce0c6190, 216;
v00000240ce0c6190_217 .array/port v00000240ce0c6190, 217;
E_00000240ce08ccb0/54 .event anyedge, v00000240ce0c6190_214, v00000240ce0c6190_215, v00000240ce0c6190_216, v00000240ce0c6190_217;
v00000240ce0c6190_218 .array/port v00000240ce0c6190, 218;
v00000240ce0c6190_219 .array/port v00000240ce0c6190, 219;
v00000240ce0c6190_220 .array/port v00000240ce0c6190, 220;
v00000240ce0c6190_221 .array/port v00000240ce0c6190, 221;
E_00000240ce08ccb0/55 .event anyedge, v00000240ce0c6190_218, v00000240ce0c6190_219, v00000240ce0c6190_220, v00000240ce0c6190_221;
v00000240ce0c6190_222 .array/port v00000240ce0c6190, 222;
v00000240ce0c6190_223 .array/port v00000240ce0c6190, 223;
v00000240ce0c6190_224 .array/port v00000240ce0c6190, 224;
v00000240ce0c6190_225 .array/port v00000240ce0c6190, 225;
E_00000240ce08ccb0/56 .event anyedge, v00000240ce0c6190_222, v00000240ce0c6190_223, v00000240ce0c6190_224, v00000240ce0c6190_225;
v00000240ce0c6190_226 .array/port v00000240ce0c6190, 226;
v00000240ce0c6190_227 .array/port v00000240ce0c6190, 227;
v00000240ce0c6190_228 .array/port v00000240ce0c6190, 228;
v00000240ce0c6190_229 .array/port v00000240ce0c6190, 229;
E_00000240ce08ccb0/57 .event anyedge, v00000240ce0c6190_226, v00000240ce0c6190_227, v00000240ce0c6190_228, v00000240ce0c6190_229;
v00000240ce0c6190_230 .array/port v00000240ce0c6190, 230;
v00000240ce0c6190_231 .array/port v00000240ce0c6190, 231;
v00000240ce0c6190_232 .array/port v00000240ce0c6190, 232;
v00000240ce0c6190_233 .array/port v00000240ce0c6190, 233;
E_00000240ce08ccb0/58 .event anyedge, v00000240ce0c6190_230, v00000240ce0c6190_231, v00000240ce0c6190_232, v00000240ce0c6190_233;
v00000240ce0c6190_234 .array/port v00000240ce0c6190, 234;
v00000240ce0c6190_235 .array/port v00000240ce0c6190, 235;
v00000240ce0c6190_236 .array/port v00000240ce0c6190, 236;
v00000240ce0c6190_237 .array/port v00000240ce0c6190, 237;
E_00000240ce08ccb0/59 .event anyedge, v00000240ce0c6190_234, v00000240ce0c6190_235, v00000240ce0c6190_236, v00000240ce0c6190_237;
v00000240ce0c6190_238 .array/port v00000240ce0c6190, 238;
v00000240ce0c6190_239 .array/port v00000240ce0c6190, 239;
v00000240ce0c6190_240 .array/port v00000240ce0c6190, 240;
v00000240ce0c6190_241 .array/port v00000240ce0c6190, 241;
E_00000240ce08ccb0/60 .event anyedge, v00000240ce0c6190_238, v00000240ce0c6190_239, v00000240ce0c6190_240, v00000240ce0c6190_241;
v00000240ce0c6190_242 .array/port v00000240ce0c6190, 242;
v00000240ce0c6190_243 .array/port v00000240ce0c6190, 243;
v00000240ce0c6190_244 .array/port v00000240ce0c6190, 244;
v00000240ce0c6190_245 .array/port v00000240ce0c6190, 245;
E_00000240ce08ccb0/61 .event anyedge, v00000240ce0c6190_242, v00000240ce0c6190_243, v00000240ce0c6190_244, v00000240ce0c6190_245;
v00000240ce0c6190_246 .array/port v00000240ce0c6190, 246;
v00000240ce0c6190_247 .array/port v00000240ce0c6190, 247;
v00000240ce0c6190_248 .array/port v00000240ce0c6190, 248;
v00000240ce0c6190_249 .array/port v00000240ce0c6190, 249;
E_00000240ce08ccb0/62 .event anyedge, v00000240ce0c6190_246, v00000240ce0c6190_247, v00000240ce0c6190_248, v00000240ce0c6190_249;
v00000240ce0c6190_250 .array/port v00000240ce0c6190, 250;
v00000240ce0c6190_251 .array/port v00000240ce0c6190, 251;
v00000240ce0c6190_252 .array/port v00000240ce0c6190, 252;
v00000240ce0c6190_253 .array/port v00000240ce0c6190, 253;
E_00000240ce08ccb0/63 .event anyedge, v00000240ce0c6190_250, v00000240ce0c6190_251, v00000240ce0c6190_252, v00000240ce0c6190_253;
v00000240ce0c6190_254 .array/port v00000240ce0c6190, 254;
v00000240ce0c6190_255 .array/port v00000240ce0c6190, 255;
E_00000240ce08ccb0/64 .event anyedge, v00000240ce0c6190_254, v00000240ce0c6190_255, v00000240ce0d4eb0_0, v00000240ce0d4f50_0;
E_00000240ce08ccb0 .event/or E_00000240ce08ccb0/0, E_00000240ce08ccb0/1, E_00000240ce08ccb0/2, E_00000240ce08ccb0/3, E_00000240ce08ccb0/4, E_00000240ce08ccb0/5, E_00000240ce08ccb0/6, E_00000240ce08ccb0/7, E_00000240ce08ccb0/8, E_00000240ce08ccb0/9, E_00000240ce08ccb0/10, E_00000240ce08ccb0/11, E_00000240ce08ccb0/12, E_00000240ce08ccb0/13, E_00000240ce08ccb0/14, E_00000240ce08ccb0/15, E_00000240ce08ccb0/16, E_00000240ce08ccb0/17, E_00000240ce08ccb0/18, E_00000240ce08ccb0/19, E_00000240ce08ccb0/20, E_00000240ce08ccb0/21, E_00000240ce08ccb0/22, E_00000240ce08ccb0/23, E_00000240ce08ccb0/24, E_00000240ce08ccb0/25, E_00000240ce08ccb0/26, E_00000240ce08ccb0/27, E_00000240ce08ccb0/28, E_00000240ce08ccb0/29, E_00000240ce08ccb0/30, E_00000240ce08ccb0/31, E_00000240ce08ccb0/32, E_00000240ce08ccb0/33, E_00000240ce08ccb0/34, E_00000240ce08ccb0/35, E_00000240ce08ccb0/36, E_00000240ce08ccb0/37, E_00000240ce08ccb0/38, E_00000240ce08ccb0/39, E_00000240ce08ccb0/40, E_00000240ce08ccb0/41, E_00000240ce08ccb0/42, E_00000240ce08ccb0/43, E_00000240ce08ccb0/44, E_00000240ce08ccb0/45, E_00000240ce08ccb0/46, E_00000240ce08ccb0/47, E_00000240ce08ccb0/48, E_00000240ce08ccb0/49, E_00000240ce08ccb0/50, E_00000240ce08ccb0/51, E_00000240ce08ccb0/52, E_00000240ce08ccb0/53, E_00000240ce08ccb0/54, E_00000240ce08ccb0/55, E_00000240ce08ccb0/56, E_00000240ce08ccb0/57, E_00000240ce08ccb0/58, E_00000240ce08ccb0/59, E_00000240ce08ccb0/60, E_00000240ce08ccb0/61, E_00000240ce08ccb0/62, E_00000240ce08ccb0/63, E_00000240ce08ccb0/64;
    .scope S_00000240ce0c6000;
T_0 ;
    %wait E_00000240ce08ccb0;
    %pushi/vec4 1, 0, 1;
    %store/vec4 v00000240ce08ade0_0, 0, 1;
    %load/vec4 v00000240ce0d4d70_0;
    %cmpi/e 1, 0, 1;
    %jmp/0xz  T_0.0, 4;
    %delay 2, 0;
    %load/vec4 v00000240ce08b800_0;
    %pad/u 10;
    %ix/vec4 4;
    %load/vec4a v00000240ce0c6190, 4;
    %store/vec4 v00000240ce0d4e10_0, 0, 8;
    %pushi/vec4 0, 0, 1;
    %store/vec4 v00000240ce08ade0_0, 0, 1;
T_0.0 ;
    %load/vec4 v00000240ce0d4eb0_0;
    %cmpi/e 1, 0, 1;
    %jmp/0xz  T_0.2, 4;
    %delay 2, 0;
    %load/vec4 v00000240ce0d4f50_0;
    %load/vec4 v00000240ce08b800_0;
    %pad/u 10;
    %ix/vec4 4;
    %store/vec4a v00000240ce0c6190, 4, 0;
    %pushi/vec4 0, 0, 1;
    %store/vec4 v00000240ce08ade0_0, 0, 1;
T_0.2 ;
    %jmp T_0;
    .thread T_0, $push;
# The file index is used to find the file name in the following table.
:file_names 3;
    "N/A";
    "<interactive>";
    "dataMemory.v";
