#! /c/Source/iverilog-install/bin/vvp
:ivl_version "12.0 (devel)" "(s20150603-1539-g2693dd32b)";
:ivl_delay_selection "TYPICAL";
:vpi_time_precision - 10;
:vpi_module "C:\iverilog\lib\ivl\system.vpi";
:vpi_module "C:\iverilog\lib\ivl\vhdl_sys.vpi";
:vpi_module "C:\iverilog\lib\ivl\vhdl_textio.vpi";
:vpi_module "C:\iverilog\lib\ivl\v2005_math.vpi";
:vpi_module "C:\iverilog\lib\ivl\va_math.vpi";
S_00000201aa222ce0 .scope module, "dcache" "dcache" 2 13;
 .timescale -9 -10;
    .port_info 0 /INPUT 1 "clock";
    .port_info 1 /INPUT 1 "read";
    .port_info 2 /INPUT 1 "write";
    .port_info 3 /OUTPUT 1 "busywait";
    .port_info 4 /INPUT 8 "cpu_address";
    .port_info 5 /INPUT 1 "reset";
    .port_info 6 /INPUT 8 "cpu_writeData";
    .port_info 7 /OUTPUT 8 "cpu_readData";
    .port_info 8 /OUTPUT 6 "mem_address";
    .port_info 9 /INPUT 1 "mem_busywait";
    .port_info 10 /OUTPUT 1 "mem_read";
    .port_info 11 /OUTPUT 1 "mem_write";
    .port_info 12 /INPUT 32 "mem_readData";
    .port_info 13 /OUTPUT 32 "mem_writeData";
P_00000201aa222e70 .param/l "IDLE" 0 2 123, C4<000>;
P_00000201aa222ea8 .param/l "MEM_READ" 0 2 123, C4<001>;
P_00000201aa222ee0 .param/l "MEM_WRITE" 0 2 123, C4<010>;
L_00000201aa2668d0/d .functor BUFZ 3, L_00000201aa2c1ae0, C4<000>, C4<000>, C4<000>;
L_00000201aa2668d0 .delay 3 (10,10,10) L_00000201aa2668d0/d;
L_00000201aa267200/d .functor BUFZ 1, L_00000201aa2c1400, C4<0>, C4<0>, C4<0>;
L_00000201aa267200 .delay 1 (10,10,10) L_00000201aa267200/d;
L_00000201aa2c1f38 .functor BUFT 1, C4<00>, C4<0>, C4<0>, C4<0>;
v00000201aa24afb0_0 .net *"_ivl_11", 1 0, L_00000201aa2c1f38;  1 drivers
v00000201aa24ab50_0 .net *"_ivl_14", 0 0, L_00000201aa2c1400;  1 drivers
v00000201aa24ae70_0 .net *"_ivl_16", 4 0, L_00000201aa2c0460;  1 drivers
L_00000201aa2c1f80 .functor BUFT 1, C4<00>, C4<0>, C4<0>, C4<0>;
v00000201aa24ac90_0 .net *"_ivl_19", 1 0, L_00000201aa2c1f80;  1 drivers
v00000201aa24a970_0 .net *"_ivl_31", 0 0, L_00000201aa2c0c80;  1 drivers
v00000201aa24ad30_0 .net *"_ivl_33", 4 0, L_00000201aa2c1040;  1 drivers
L_00000201aa2c1fc8 .functor BUFT 1, C4<00>, C4<0>, C4<0>, C4<0>;
v00000201aa2bfd80_0 .net *"_ivl_36", 1 0, L_00000201aa2c1fc8;  1 drivers
v00000201aa2c0be0_0 .net *"_ivl_6", 2 0, L_00000201aa2c1ae0;  1 drivers
v00000201aa2c0780_0 .net *"_ivl_8", 4 0, L_00000201aa2c0b40;  1 drivers
v00000201aa2c19a0_0 .var "busywait", 0 0;
v00000201aa2c06e0 .array "cache_mem", 0 7, 31 0;
v00000201aa2c0280_0 .net "cache_tag", 2 0, L_00000201aa2668d0;  1 drivers
o00000201aa270368 .functor BUFZ 1, C4<z>; HiZ drive
v00000201aa2c0960_0 .net "clock", 0 0, o00000201aa270368;  0 drivers
o00000201aa270398 .functor BUFZ 8, C4<zzzzzzzz>; HiZ drive
v00000201aa2c14a0_0 .net "cpu_address", 7 0, o00000201aa270398;  0 drivers
v00000201aa2c0820_0 .var "cpu_readData", 7 0;
o00000201aa2703f8 .functor BUFZ 8, C4<zzzzzzzz>; HiZ drive
v00000201aa2c12c0_0 .net "cpu_writeData", 7 0, o00000201aa2703f8;  0 drivers
v00000201aa2c0dc0_0 .net "dirty", 0 0, L_00000201aa267200;  1 drivers
v00000201aa2bfe20 .array "dirty_array", 0 7, 0 0;
v00000201aa2c1860_0 .var "hit", 0 0;
v00000201aa2c08c0_0 .var/i "i", 31 0;
v00000201aa2c0e60_0 .net "index", 2 0, L_00000201aa2c05a0;  1 drivers
v00000201aa2c1720_0 .var "mem_address", 5 0;
o00000201aa270518 .functor BUFZ 1, C4<z>; HiZ drive
v00000201aa2c0140_0 .net "mem_busywait", 0 0, o00000201aa270518;  0 drivers
v00000201aa2bfec0_0 .var "mem_read", 0 0;
o00000201aa270578 .functor BUFZ 32, C4<zzzzzzzzzzzzzzzzzzzzzzzzzzzzzzzz>; HiZ drive
v00000201aa2c0f00_0 .net "mem_readData", 31 0, o00000201aa270578;  0 drivers
v00000201aa2c1a40_0 .var "mem_write", 0 0;
v00000201aa2c1360_0 .var "mem_writeData", 31 0;
v00000201aa2c0320_0 .var "next_state", 2 0;
v00000201aa2bff60_0 .net "offset", 1 0, L_00000201aa2c03c0;  1 drivers
o00000201aa270668 .functor BUFZ 1, C4<z>; HiZ drive
v00000201aa2c10e0_0 .net "read", 0 0, o00000201aa270668;  0 drivers
o00000201aa270698 .functor BUFZ 1, C4<z>; HiZ drive
v00000201aa2c1220_0 .net "reset", 0 0, o00000201aa270698;  0 drivers
v00000201aa2c0000_0 .var "state", 2 0;
v00000201aa2c1180_0 .net "tag", 2 0, L_00000201aa2c0aa0;  1 drivers
v00000201aa2c0fa0 .array "tag_array", 0 7, 2 0;
v00000201aa2c1540_0 .var "taghit", 0 0;
v00000201aa2c00a0 .array "valid_array", 0 7, 0 0;
o00000201aa270758 .functor BUFZ 1, C4<z>; HiZ drive
v00000201aa2c0a00_0 .net "write", 0 0, o00000201aa270758;  0 drivers
v00000201aa2c01e0_0 .var "writehit", 0 0;
E_00000201aa24d0e0/0 .event anyedge, v00000201aa2c1220_0;
E_00000201aa24d0e0/1 .event posedge, v00000201aa2c0960_0;
E_00000201aa24d0e0 .event/or E_00000201aa24d0e0/0, E_00000201aa24d0e0/1;
E_00000201aa24cea0/0 .event anyedge, v00000201aa2c0000_0, v00000201aa2c0140_0, v00000201aa2c1180_0, v00000201aa2c0e60_0;
v00000201aa2c06e0_0 .array/port v00000201aa2c06e0, 0;
v00000201aa2c06e0_1 .array/port v00000201aa2c06e0, 1;
E_00000201aa24cea0/1 .event anyedge, v00000201aa2c0f00_0, v00000201aa2c0280_0, v00000201aa2c06e0_0, v00000201aa2c06e0_1;
v00000201aa2c06e0_2 .array/port v00000201aa2c06e0, 2;
v00000201aa2c06e0_3 .array/port v00000201aa2c06e0, 3;
v00000201aa2c06e0_4 .array/port v00000201aa2c06e0, 4;
v00000201aa2c06e0_5 .array/port v00000201aa2c06e0, 5;
E_00000201aa24cea0/2 .event anyedge, v00000201aa2c06e0_2, v00000201aa2c06e0_3, v00000201aa2c06e0_4, v00000201aa2c06e0_5;
v00000201aa2c06e0_6 .array/port v00000201aa2c06e0, 6;
v00000201aa2c06e0_7 .array/port v00000201aa2c06e0, 7;
E_00000201aa24cea0/3 .event anyedge, v00000201aa2c06e0_6, v00000201aa2c06e0_7;
E_00000201aa24cea0 .event/or E_00000201aa24cea0/0, E_00000201aa24cea0/1, E_00000201aa24cea0/2, E_00000201aa24cea0/3;
E_00000201aa24d760/0 .event anyedge, v00000201aa2c0000_0, v00000201aa2c10e0_0, v00000201aa2c0a00_0, v00000201aa2c0dc0_0;
E_00000201aa24d760/1 .event anyedge, v00000201aa2c1860_0, v00000201aa2c0140_0;
E_00000201aa24d760 .event/or E_00000201aa24d760/0, E_00000201aa24d760/1;
E_00000201aa24d160 .event posedge, v00000201aa2c0960_0;
E_00000201aa24d560 .event anyedge, v00000201aa2c1860_0, v00000201aa2c10e0_0, v00000201aa2c0a00_0, v00000201aa2c0140_0;
E_00000201aa24d5a0/0 .event anyedge, v00000201aa2bff60_0, v00000201aa2c0e60_0, v00000201aa2c06e0_0, v00000201aa2c06e0_1;
E_00000201aa24d5a0/1 .event anyedge, v00000201aa2c06e0_2, v00000201aa2c06e0_3, v00000201aa2c06e0_4, v00000201aa2c06e0_5;
E_00000201aa24d5a0/2 .event anyedge, v00000201aa2c06e0_6, v00000201aa2c06e0_7;
E_00000201aa24d5a0 .event/or E_00000201aa24d5a0/0, E_00000201aa24d5a0/1, E_00000201aa24d5a0/2;
E_00000201aa24d660 .event anyedge, L_00000201aa2c0c80, v00000201aa2c0280_0, v00000201aa2c1180_0, v00000201aa2c0e60_0;
E_00000201aa24c8e0 .event anyedge, v00000201aa2c0140_0;
E_00000201aa24d620 .event anyedge, v00000201aa2c0a00_0, v00000201aa2c10e0_0;
L_00000201aa2c03c0 .delay 2 (10,10,10) L_00000201aa2c03c0/d;
L_00000201aa2c03c0/d .part o00000201aa270398, 0, 2;
L_00000201aa2c05a0 .delay 3 (10,10,10) L_00000201aa2c05a0/d;
L_00000201aa2c05a0/d .part o00000201aa270398, 2, 3;
L_00000201aa2c0aa0 .delay 3 (10,10,10) L_00000201aa2c0aa0/d;
L_00000201aa2c0aa0/d .part o00000201aa270398, 5, 3;
L_00000201aa2c1ae0 .array/port v00000201aa2c0fa0, L_00000201aa2c0b40;
L_00000201aa2c0b40 .concat [ 3 2 0 0], L_00000201aa2c05a0, L_00000201aa2c1f38;
L_00000201aa2c1400 .array/port v00000201aa2bfe20, L_00000201aa2c0460;
L_00000201aa2c0460 .concat [ 3 2 0 0], L_00000201aa2c05a0, L_00000201aa2c1f80;
L_00000201aa2c0c80 .array/port v00000201aa2c00a0, L_00000201aa2c1040;
L_00000201aa2c1040 .concat [ 3 2 0 0], L_00000201aa2c05a0, L_00000201aa2c1fc8;
    .scope S_00000201aa222ce0;
T_0 ;
    %wait E_00000201aa24d620;
    %load/vec4 v00000201aa2c10e0_0;
    %flag_set/vec4 9;
    %jmp/1 T_0.3, 9;
    %load/vec4 v00000201aa2c0a00_0;
    %flag_set/vec4 10;
    %flag_or 9, 10;
T_0.3;
    %flag_get/vec4 9;
    %jmp/0 T_0.2, 9;
    %load/vec4 v00000201aa2c0140_0;
    %nor/r;
    %and;
T_0.2;
    %flag_set/vec4 8;
    %jmp/0 T_0.0, 8;
    %pushi/vec4 1, 0, 2;
    %jmp/1 T_0.1, 8;
T_0.0 ; End of true expr.
    %pushi/vec4 0, 0, 2;
    %jmp/0 T_0.1, 8;
 ; End of false expr.
    %blend;
T_0.1;
    %pad/s 1;
    %store/vec4 v00000201aa2c19a0_0, 0, 1;
    %jmp T_0;
    .thread T_0, $push;
    .scope S_00000201aa222ce0;
T_1 ;
    %wait E_00000201aa24c8e0;
    %load/vec4 v00000201aa2c0140_0;
    %pad/u 32;
    %cmpi/e 1, 0, 32;
    %jmp/0xz  T_1.0, 4;
    %pushi/vec4 1, 0, 1;
    %store/vec4 v00000201aa2c19a0_0, 0, 1;
T_1.0 ;
    %load/vec4 v00000201aa2c0140_0;
    %pad/u 32;
    %cmpi/e 0, 0, 32;
    %jmp/0xz  T_1.2, 4;
    %pushi/vec4 0, 0, 1;
    %store/vec4 v00000201aa2c19a0_0, 0, 1;
T_1.2 ;
    %jmp T_1;
    .thread T_1, $push;
    .scope S_00000201aa222ce0;
T_2 ;
    %wait E_00000201aa24d660;
    %delay 9, 0;
    %load/vec4 v00000201aa2c1180_0;
    %load/vec4 v00000201aa2c0280_0;
    %cmp/e;
    %jmp/0xz  T_2.0, 4;
    %pushi/vec4 1, 0, 1;
    %store/vec4 v00000201aa2c1540_0, 0, 1;
    %jmp T_2.1;
T_2.0 ;
    %pushi/vec4 0, 0, 1;
    %store/vec4 v00000201aa2c1540_0, 0, 1;
T_2.1 ;
    %load/vec4 v00000201aa2c1540_0;
    %load/vec4 v00000201aa2c0e60_0;
    %pad/u 5;
    %ix/vec4 4;
    %load/vec4a v00000201aa2c00a0, 4;
    %and;
    %store/vec4 v00000201aa2c1860_0, 0, 1;
    %jmp T_2;
    .thread T_2, $push;
    .scope S_00000201aa222ce0;
T_3 ;
    %wait E_00000201aa24d5a0;
    %delay 10, 0;
    %load/vec4 v00000201aa2bff60_0;
    %dup/vec4;
    %pushi/vec4 0, 0, 2;
    %cmp/u;
    %jmp/1 T_3.0, 6;
    %dup/vec4;
    %pushi/vec4 1, 0, 2;
    %cmp/u;
    %jmp/1 T_3.1, 6;
    %dup/vec4;
    %pushi/vec4 2, 0, 2;
    %cmp/u;
    %jmp/1 T_3.2, 6;
    %dup/vec4;
    %pushi/vec4 3, 0, 2;
    %cmp/u;
    %jmp/1 T_3.3, 6;
    %jmp T_3.4;
T_3.0 ;
    %load/vec4 v00000201aa2c0e60_0;
    %pad/u 5;
    %ix/vec4 4;
    %load/vec4a v00000201aa2c06e0, 4;
    %parti/s 8, 0, 2;
    %store/vec4 v00000201aa2c0820_0, 0, 8;
    %jmp T_3.4;
T_3.1 ;
    %load/vec4 v00000201aa2c0e60_0;
    %pad/u 5;
    %ix/vec4 4;
    %load/vec4a v00000201aa2c06e0, 4;
    %parti/s 8, 8, 5;
    %store/vec4 v00000201aa2c0820_0, 0, 8;
    %jmp T_3.4;
T_3.2 ;
    %load/vec4 v00000201aa2c0e60_0;
    %pad/u 5;
    %ix/vec4 4;
    %load/vec4a v00000201aa2c06e0, 4;
    %parti/s 8, 16, 6;
    %store/vec4 v00000201aa2c0820_0, 0, 8;
    %jmp T_3.4;
T_3.3 ;
    %load/vec4 v00000201aa2c0e60_0;
    %pad/u 5;
    %ix/vec4 4;
    %load/vec4a v00000201aa2c06e0, 4;
    %parti/s 8, 24, 6;
    %store/vec4 v00000201aa2c0820_0, 0, 8;
    %jmp T_3.4;
T_3.4 ;
    %pop/vec4 1;
    %jmp T_3;
    .thread T_3, $push;
    .scope S_00000201aa222ce0;
T_4 ;
    %wait E_00000201aa24d560;
    %load/vec4 v00000201aa2c1860_0;
    %flag_set/vec4 8;
    %jmp/0xz  T_4.0, 8;
    %delay 10, 0;
    %load/vec4 v00000201aa2c10e0_0;
    %flag_set/vec4 9;
    %flag_get/vec4 9;
    %jmp/0 T_4.4, 9;
    %load/vec4 v00000201aa2c0a00_0;
    %nor/r;
    %and;
T_4.4;
    %flag_set/vec4 8;
    %jmp/0xz  T_4.2, 8;
    %load/vec4 v00000201aa2c0140_0;
    %nor/r;
    %flag_set/vec4 8;
    %jmp/0xz  T_4.5, 8;
    %pushi/vec4 0, 0, 1;
    %store/vec4 v00000201aa2c19a0_0, 0, 1;
T_4.5 ;
    %pushi/vec4 0, 0, 1;
    %store/vec4 v00000201aa2c1540_0, 0, 1;
    %jmp T_4.3;
T_4.2 ;
    %load/vec4 v00000201aa2c0a00_0;
    %flag_set/vec4 9;
    %flag_get/vec4 9;
    %jmp/0 T_4.9, 9;
    %load/vec4 v00000201aa2c10e0_0;
    %nor/r;
    %and;
T_4.9;
    %flag_set/vec4 8;
    %jmp/0xz  T_4.7, 8;
    %load/vec4 v00000201aa2c0140_0;
    %nor/r;
    %flag_set/vec4 8;
    %jmp/0xz  T_4.10, 8;
    %pushi/vec4 0, 0, 1;
    %store/vec4 v00000201aa2c19a0_0, 0, 1;
T_4.10 ;
    %pushi/vec4 1, 0, 1;
    %store/vec4 v00000201aa2c01e0_0, 0, 1;
T_4.7 ;
T_4.3 ;
T_4.0 ;
    %jmp T_4;
    .thread T_4, $push;
    .scope S_00000201aa222ce0;
T_5 ;
    %wait E_00000201aa24d160;
    %load/vec4 v00000201aa2c01e0_0;
    %pad/u 32;
    %cmpi/e 1, 0, 32;
    %jmp/0xz  T_5.0, 4;
    %delay 10, 0;
    %load/vec4 v00000201aa2bff60_0;
    %dup/vec4;
    %pushi/vec4 0, 0, 2;
    %cmp/u;
    %jmp/1 T_5.2, 6;
    %dup/vec4;
    %pushi/vec4 1, 0, 2;
    %cmp/u;
    %jmp/1 T_5.3, 6;
    %dup/vec4;
    %pushi/vec4 2, 0, 2;
    %cmp/u;
    %jmp/1 T_5.4, 6;
    %dup/vec4;
    %pushi/vec4 3, 0, 2;
    %cmp/u;
    %jmp/1 T_5.5, 6;
    %jmp T_5.6;
T_5.2 ;
    %load/vec4 v00000201aa2c12c0_0;
    %load/vec4 v00000201aa2c0e60_0;
    %pad/u 5;
    %ix/vec4 3;
    %ix/load 4, 0, 0; Constant delay
    %assign/vec4/a/d v00000201aa2c06e0, 0, 4;
    %jmp T_5.6;
T_5.3 ;
    %load/vec4 v00000201aa2c12c0_0;
    %load/vec4 v00000201aa2c0e60_0;
    %pad/u 5;
    %ix/vec4 3;
    %ix/load 4, 8, 0; part off
    %ix/load 5, 0, 0; Constant delay
    %assign/vec4/a/d v00000201aa2c06e0, 4, 5;
    %jmp T_5.6;
T_5.4 ;
    %load/vec4 v00000201aa2c12c0_0;
    %load/vec4 v00000201aa2c0e60_0;
    %pad/u 5;
    %ix/vec4 3;
    %ix/load 4, 16, 0; part off
    %ix/load 5, 0, 0; Constant delay
    %assign/vec4/a/d v00000201aa2c06e0, 4, 5;
    %jmp T_5.6;
T_5.5 ;
    %load/vec4 v00000201aa2c12c0_0;
    %load/vec4 v00000201aa2c0e60_0;
    %pad/u 5;
    %ix/vec4 3;
    %ix/load 4, 24, 0; part off
    %ix/load 5, 0, 0; Constant delay
    %assign/vec4/a/d v00000201aa2c06e0, 4, 5;
    %jmp T_5.6;
T_5.6 ;
    %pop/vec4 1;
    %pushi/vec4 1, 0, 1;
    %load/vec4 v00000201aa2c0e60_0;
    %pad/u 5;
    %ix/vec4 4;
    %store/vec4a v00000201aa2bfe20, 4, 0;
    %pushi/vec4 1, 0, 1;
    %load/vec4 v00000201aa2c0e60_0;
    %pad/u 5;
    %ix/vec4 4;
    %store/vec4a v00000201aa2c00a0, 4, 0;
T_5.0 ;
    %jmp T_5;
    .thread T_5;
    .scope S_00000201aa222ce0;
T_6 ;
    %wait E_00000201aa24d760;
    %load/vec4 v00000201aa2c0000_0;
    %dup/vec4;
    %pushi/vec4 0, 0, 3;
    %cmp/u;
    %jmp/1 T_6.0, 6;
    %dup/vec4;
    %pushi/vec4 1, 0, 3;
    %cmp/u;
    %jmp/1 T_6.1, 6;
    %dup/vec4;
    %pushi/vec4 2, 0, 3;
    %cmp/u;
    %jmp/1 T_6.2, 6;
    %jmp T_6.3;
T_6.0 ;
    %load/vec4 v00000201aa2c10e0_0;
    %flag_set/vec4 10;
    %jmp/1 T_6.8, 10;
    %load/vec4 v00000201aa2c0a00_0;
    %flag_set/vec4 11;
    %flag_or 10, 11;
T_6.8;
    %flag_get/vec4 10;
    %jmp/0 T_6.7, 10;
    %load/vec4 v00000201aa2c0dc0_0;
    %nor/r;
    %and;
T_6.7;
    %flag_set/vec4 9;
    %flag_get/vec4 9;
    %jmp/0 T_6.6, 9;
    %load/vec4 v00000201aa2c1860_0;
    %nor/r;
    %and;
T_6.6;
    %flag_set/vec4 8;
    %jmp/0xz  T_6.4, 8;
    %pushi/vec4 1, 0, 3;
    %store/vec4 v00000201aa2c0320_0, 0, 3;
    %jmp T_6.5;
T_6.4 ;
    %load/vec4 v00000201aa2c10e0_0;
    %flag_set/vec4 10;
    %jmp/1 T_6.13, 10;
    %load/vec4 v00000201aa2c0a00_0;
    %flag_set/vec4 11;
    %flag_or 10, 11;
T_6.13;
    %flag_get/vec4 10;
    %jmp/0 T_6.12, 10;
    %load/vec4 v00000201aa2c0dc0_0;
    %and;
T_6.12;
    %flag_set/vec4 9;
    %flag_get/vec4 9;
    %jmp/0 T_6.11, 9;
    %load/vec4 v00000201aa2c1860_0;
    %nor/r;
    %and;
T_6.11;
    %flag_set/vec4 8;
    %jmp/0xz  T_6.9, 8;
    %pushi/vec4 2, 0, 3;
    %store/vec4 v00000201aa2c0320_0, 0, 3;
    %jmp T_6.10;
T_6.9 ;
    %pushi/vec4 0, 0, 3;
    %store/vec4 v00000201aa2c0320_0, 0, 3;
T_6.10 ;
T_6.5 ;
    %jmp T_6.3;
T_6.1 ;
    %load/vec4 v00000201aa2c0140_0;
    %nor/r;
    %flag_set/vec4 8;
    %jmp/0xz  T_6.14, 8;
    %pushi/vec4 0, 0, 3;
    %store/vec4 v00000201aa2c0320_0, 0, 3;
    %jmp T_6.15;
T_6.14 ;
    %pushi/vec4 1, 0, 3;
    %store/vec4 v00000201aa2c0320_0, 0, 3;
T_6.15 ;
    %jmp T_6.3;
T_6.2 ;
    %load/vec4 v00000201aa2c0140_0;
    %nor/r;
    %flag_set/vec4 8;
    %jmp/0xz  T_6.16, 8;
    %pushi/vec4 1, 0, 3;
    %store/vec4 v00000201aa2c0320_0, 0, 3;
    %jmp T_6.17;
T_6.16 ;
    %pushi/vec4 2, 0, 3;
    %store/vec4 v00000201aa2c0320_0, 0, 3;
T_6.17 ;
    %jmp T_6.3;
T_6.3 ;
    %pop/vec4 1;
    %jmp T_6;
    .thread T_6, $push;
    .scope S_00000201aa222ce0;
T_7 ;
    %wait E_00000201aa24cea0;
    %load/vec4 v00000201aa2c0000_0;
    %dup/vec4;
    %pushi/vec4 0, 0, 3;
    %cmp/u;
    %jmp/1 T_7.0, 6;
    %dup/vec4;
    %pushi/vec4 1, 0, 3;
    %cmp/u;
    %jmp/1 T_7.1, 6;
    %dup/vec4;
    %pushi/vec4 2, 0, 3;
    %cmp/u;
    %jmp/1 T_7.2, 6;
    %jmp T_7.3;
T_7.0 ;
    %pushi/vec4 0, 0, 1;
    %store/vec4 v00000201aa2bfec0_0, 0, 1;
    %pushi/vec4 0, 0, 1;
    %store/vec4 v00000201aa2c1a40_0, 0, 1;
    %pushi/vec4 63, 63, 6;
    %store/vec4 v00000201aa2c1720_0, 0, 6;
    %pushi/vec4 255, 255, 32;
    %store/vec4 v00000201aa2c1360_0, 0, 32;
    %load/vec4 v00000201aa2c0140_0;
    %nor/r;
    %flag_set/vec4 8;
    %jmp/0xz  T_7.4, 8;
    %pushi/vec4 0, 0, 1;
    %store/vec4 v00000201aa2c19a0_0, 0, 1;
T_7.4 ;
    %jmp T_7.3;
T_7.1 ;
    %pushi/vec4 1, 0, 1;
    %store/vec4 v00000201aa2bfec0_0, 0, 1;
    %pushi/vec4 0, 0, 1;
    %store/vec4 v00000201aa2c1a40_0, 0, 1;
    %load/vec4 v00000201aa2c1180_0;
    %load/vec4 v00000201aa2c0e60_0;
    %concat/vec4; draw_concat_vec4
    %store/vec4 v00000201aa2c1720_0, 0, 6;
    %pushi/vec4 4294967295, 4294967295, 32;
    %store/vec4 v00000201aa2c1360_0, 0, 32;
    %pushi/vec4 1, 0, 1;
    %store/vec4 v00000201aa2c19a0_0, 0, 1;
    %load/vec4 v00000201aa2c0140_0;
    %nor/r;
    %flag_set/vec4 8;
    %jmp/0xz  T_7.6, 8;
    %load/vec4 v00000201aa2c0f00_0;
    %load/vec4 v00000201aa2c0e60_0;
    %pad/u 5;
    %ix/vec4 4;
    %store/vec4a v00000201aa2c06e0, 4, 0;
    %pushi/vec4 1, 0, 1;
    %load/vec4 v00000201aa2c0e60_0;
    %pad/u 5;
    %ix/vec4 4;
    %store/vec4a v00000201aa2c00a0, 4, 0;
    %load/vec4 v00000201aa2c1180_0;
    %load/vec4 v00000201aa2c0e60_0;
    %pad/u 5;
    %ix/vec4 4;
    %store/vec4a v00000201aa2c0fa0, 4, 0;
T_7.6 ;
    %jmp T_7.3;
T_7.2 ;
    %pushi/vec4 0, 0, 1;
    %store/vec4 v00000201aa2bfec0_0, 0, 1;
    %pushi/vec4 1, 0, 1;
    %store/vec4 v00000201aa2c1a40_0, 0, 1;
    %load/vec4 v00000201aa2c0280_0;
    %load/vec4 v00000201aa2c0e60_0;
    %concat/vec4; draw_concat_vec4
    %store/vec4 v00000201aa2c1720_0, 0, 6;
    %load/vec4 v00000201aa2c0e60_0;
    %pad/u 5;
    %ix/vec4 4;
    %load/vec4a v00000201aa2c06e0, 4;
    %store/vec4 v00000201aa2c1360_0, 0, 32;
    %pushi/vec4 1, 0, 1;
    %store/vec4 v00000201aa2c19a0_0, 0, 1;
    %load/vec4 v00000201aa2c0140_0;
    %nor/r;
    %flag_set/vec4 8;
    %jmp/0xz  T_7.8, 8;
    %pushi/vec4 0, 0, 1;
    %load/vec4 v00000201aa2c0e60_0;
    %pad/u 5;
    %ix/vec4 4;
    %store/vec4a v00000201aa2bfe20, 4, 0;
T_7.8 ;
    %jmp T_7.3;
T_7.3 ;
    %pop/vec4 1;
    %jmp T_7;
    .thread T_7, $push;
    .scope S_00000201aa222ce0;
T_8 ;
    %wait E_00000201aa24d0e0;
    %load/vec4 v00000201aa2c1220_0;
    %flag_set/vec4 8;
    %jmp/0xz  T_8.0, 8;
    %pushi/vec4 0, 0, 3;
    %store/vec4 v00000201aa2c0000_0, 0, 3;
    %pushi/vec4 0, 0, 32;
    %store/vec4 v00000201aa2c08c0_0, 0, 32;
T_8.2 ;
    %load/vec4 v00000201aa2c08c0_0;
    %cmpi/s 7, 0, 32;
    %jmp/0xz T_8.3, 5;
    %pushi/vec4 0, 0, 1;
    %ix/getv/s 4, v00000201aa2c08c0_0;
    %store/vec4a v00000201aa2bfe20, 4, 0;
    %pushi/vec4 0, 0, 1;
    %ix/getv/s 4, v00000201aa2c08c0_0;
    %store/vec4a v00000201aa2c00a0, 4, 0;
    %load/vec4 v00000201aa2c08c0_0;
    %addi 1, 0, 32;
    %store/vec4 v00000201aa2c08c0_0, 0, 32;
    %jmp T_8.2;
T_8.3 ;
    %jmp T_8.1;
T_8.0 ;
    %load/vec4 v00000201aa2c0320_0;
    %store/vec4 v00000201aa2c0000_0, 0, 3;
T_8.1 ;
    %jmp T_8;
    .thread T_8;
# The file index is used to find the file name in the following table.
:file_names 3;
    "N/A";
    "<interactive>";
    "dcache.v";
