#! /c/Source/iverilog-install/bin/vvp
:ivl_version "12.0 (devel)" "(s20150603-1539-g2693dd32b)";
:ivl_delay_selection "TYPICAL";
:vpi_time_precision + 0;
:vpi_module "C:\iverilog\lib\ivl\system.vpi";
:vpi_module "C:\iverilog\lib\ivl\vhdl_sys.vpi";
:vpi_module "C:\iverilog\lib\ivl\vhdl_textio.vpi";
:vpi_module "C:\iverilog\lib\ivl\v2005_math.vpi";
:vpi_module "C:\iverilog\lib\ivl\va_math.vpi";
S_0000024aa6dab750 .scope module, "alu" "alu" 2 2;
 .timescale 0 0;
    .port_info 0 /INPUT 8 "DATA1";
    .port_info 1 /INPUT 8 "DATA2";
    .port_info 2 /INPUT 3 "SELECT";
    .port_info 3 /OUTPUT 8 "RESULT";
o0000024aa6e70f48 .functor BUFZ 8, C4<zzzzzzzz>; HiZ drive
v0000024aa6ebccb0_0 .net "DATA1", 7 0, o0000024aa6e70f48;  0 drivers
o0000024aa6e70f78 .functor BUFZ 8, C4<zzzzzzzz>; HiZ drive
v0000024aa6ebc3f0_0 .net "DATA2", 7 0, o0000024aa6e70f78;  0 drivers
v0000024aa6ebc210_0 .var "RESULT", 7 0;
o0000024aa6e712d8 .functor BUFZ 3, C4<zzz>; HiZ drive
v0000024aa6ebc2b0_0 .net "SELECT", 2 0, o0000024aa6e712d8;  0 drivers
v0000024aa6ebcb70_0 .var "ZERO", 0 0;
v0000024aa6ebc490_0 .net "addOut", 7 0, v0000024aa6e69db0_0;  1 drivers
v0000024aa6ebc7b0_0 .net "andOut", 7 0, v0000024aa6e6c440_0;  1 drivers
v0000024aa6ebce90_0 .net "fOut", 7 0, v0000024aa6ebca30_0;  1 drivers
v0000024aa6ebcad0_0 .net "orOut", 7 0, v0000024aa6ebc710_0;  1 drivers
E_0000024aa6e56c50/0 .event anyedge, v0000024aa6ebc710_0, v0000024aa6e6c440_0, v0000024aa6e69db0_0, v0000024aa6ebca30_0;
E_0000024aa6e56c50/1 .event anyedge, v0000024aa6ebc2b0_0;
E_0000024aa6e56c50 .event/or E_0000024aa6e56c50/0, E_0000024aa6e56c50/1;
S_0000024aa6e69c20 .scope module, "add_1" "add_1" 2 13, 2 30 0, S_0000024aa6dab750;
 .timescale 0 0;
    .port_info 0 /INPUT 8 "DATA1";
    .port_info 1 /INPUT 8 "DATA2";
    .port_info 2 /OUTPUT 8 "addOut";
v0000024aa6daae00_0 .net "DATA1", 7 0, o0000024aa6e70f48;  alias, 0 drivers
v0000024aa6daaea0_0 .net "DATA2", 7 0, o0000024aa6e70f78;  alias, 0 drivers
v0000024aa6e69db0_0 .var "addOut", 7 0;
E_0000024aa6e57410 .event anyedge, v0000024aa6daaea0_0, v0000024aa6daae00_0;
S_0000024aa6e6c210 .scope module, "and_1" "and_1" 2 11, 2 40 0, S_0000024aa6dab750;
 .timescale 0 0;
    .port_info 0 /INPUT 8 "DATA1";
    .port_info 1 /INPUT 8 "DATA2";
    .port_info 2 /OUTPUT 8 "andOut";
v0000024aa6e69e50_0 .net "DATA1", 7 0, o0000024aa6e70f48;  alias, 0 drivers
v0000024aa6e6c3a0_0 .net "DATA2", 7 0, o0000024aa6e70f78;  alias, 0 drivers
v0000024aa6e6c440_0 .var "andOut", 7 0;
S_0000024aa6e6c4e0 .scope module, "forward_1" "forward_1" 2 12, 2 60 0, S_0000024aa6dab750;
 .timescale 0 0;
    .port_info 0 /INPUT 8 "DATA1";
    .port_info 1 /INPUT 8 "DATA2";
    .port_info 2 /OUTPUT 8 "fOut";
v0000024aa6dae5e0_0 .net "DATA1", 7 0, o0000024aa6e70f48;  alias, 0 drivers
v0000024aa6dae680_0 .net "DATA2", 7 0, o0000024aa6e70f78;  alias, 0 drivers
v0000024aa6ebca30_0 .var "fOut", 7 0;
S_0000024aa6dae720 .scope module, "or_1" "or_1" 2 14, 2 50 0, S_0000024aa6dab750;
 .timescale 0 0;
    .port_info 0 /INPUT 8 "DATA1";
    .port_info 1 /INPUT 8 "DATA2";
    .port_info 2 /OUTPUT 8 "orOut";
v0000024aa6ebc350_0 .net "DATA1", 7 0, o0000024aa6e70f48;  alias, 0 drivers
v0000024aa6ebc170_0 .net "DATA2", 7 0, o0000024aa6e70f78;  alias, 0 drivers
v0000024aa6ebc710_0 .var "orOut", 7 0;
S_0000024aa6e69a90 .scope module, "beq" "beq" 2 70;
 .timescale 0 0;
    .port_info 0 /INPUT 8 "DATA1";
    .port_info 1 /INPUT 8 "DATA2";
    .port_info 2 /OUTPUT 1 "ZERO";
o0000024aa6e713f8 .functor BUFZ 8, C4<zzzzzzzz>; HiZ drive
v0000024aa6ebcd50_0 .net "DATA1", 7 0, o0000024aa6e713f8;  0 drivers
o0000024aa6e71428 .functor BUFZ 8, C4<zzzzzzzz>; HiZ drive
v0000024aa6ebc530_0 .net "DATA2", 7 0, o0000024aa6e71428;  0 drivers
v0000024aa6ebc850_0 .var "ZERO", 0 0;
E_0000024aa6e56d50 .event anyedge, v0000024aa6ebc530_0, v0000024aa6ebcd50_0;
    .scope S_0000024aa6e6c210;
T_0 ;
    %wait E_0000024aa6e57410;
    %delay 1, 0;
    %load/vec4 v0000024aa6e69e50_0;
    %load/vec4 v0000024aa6e6c3a0_0;
    %and;
    %store/vec4 v0000024aa6e6c440_0, 0, 8;
    %jmp T_0;
    .thread T_0, $push;
    .scope S_0000024aa6e6c4e0;
T_1 ;
    %wait E_0000024aa6e57410;
    %delay 1, 0;
    %load/vec4 v0000024aa6dae680_0;
    %store/vec4 v0000024aa6ebca30_0, 0, 8;
    %jmp T_1;
    .thread T_1, $push;
    .scope S_0000024aa6e69c20;
T_2 ;
    %wait E_0000024aa6e57410;
    %delay 2, 0;
    %load/vec4 v0000024aa6daae00_0;
    %load/vec4 v0000024aa6daaea0_0;
    %add;
    %store/vec4 v0000024aa6e69db0_0, 0, 8;
    %jmp T_2;
    .thread T_2, $push;
    .scope S_0000024aa6dae720;
T_3 ;
    %wait E_0000024aa6e57410;
    %delay 1, 0;
    %load/vec4 v0000024aa6ebc350_0;
    %load/vec4 v0000024aa6ebc170_0;
    %or;
    %store/vec4 v0000024aa6ebc710_0, 0, 8;
    %jmp T_3;
    .thread T_3, $push;
    .scope S_0000024aa6dab750;
T_4 ;
    %wait E_0000024aa6e56c50;
    %load/vec4 v0000024aa6ebc2b0_0;
    %dup/vec4;
    %pushi/vec4 0, 0, 3;
    %cmp/u;
    %jmp/1 T_4.0, 6;
    %dup/vec4;
    %pushi/vec4 1, 0, 3;
    %cmp/u;
    %jmp/1 T_4.1, 6;
    %dup/vec4;
    %pushi/vec4 2, 0, 3;
    %cmp/u;
    %jmp/1 T_4.2, 6;
    %dup/vec4;
    %pushi/vec4 3, 0, 3;
    %cmp/u;
    %jmp/1 T_4.3, 6;
    %jmp T_4.4;
T_4.0 ;
    %load/vec4 v0000024aa6ebce90_0;
    %store/vec4 v0000024aa6ebc210_0, 0, 8;
    %jmp T_4.4;
T_4.1 ;
    %load/vec4 v0000024aa6ebc490_0;
    %store/vec4 v0000024aa6ebc210_0, 0, 8;
    %jmp T_4.4;
T_4.2 ;
    %load/vec4 v0000024aa6ebc7b0_0;
    %store/vec4 v0000024aa6ebc210_0, 0, 8;
    %jmp T_4.4;
T_4.3 ;
    %load/vec4 v0000024aa6ebcad0_0;
    %store/vec4 v0000024aa6ebc210_0, 0, 8;
    %jmp T_4.4;
T_4.4 ;
    %pop/vec4 1;
    %jmp T_4;
    .thread T_4, $push;
    .scope S_0000024aa6e69a90;
T_5 ;
    %wait E_0000024aa6e56d50;
    %load/vec4 v0000024aa6ebcd50_0;
    %load/vec4 v0000024aa6ebc530_0;
    %cmp/e;
    %jmp/0xz  T_5.0, 4;
T_5.0 ;
    %pushi/vec4 1, 0, 1;
    %store/vec4 v0000024aa6ebc850_0, 0, 1;
    %load/vec4 v0000024aa6ebcd50_0;
    %load/vec4 v0000024aa6ebc530_0;
    %cmp/ne;
    %jmp/0xz  T_5.2, 4;
T_5.2 ;
    %pushi/vec4 0, 0, 1;
    %store/vec4 v0000024aa6ebc850_0, 0, 1;
    %jmp T_5;
    .thread T_5, $push;
# The file index is used to find the file name in the following table.
:file_names 3;
    "N/A";
    "<interactive>";
    "alu.v";
