#! /c/Source/iverilog-install/bin/vvp
:ivl_version "12.0 (devel)" "(s20150603-1539-g2693dd32b)";
:ivl_delay_selection "TYPICAL";
:vpi_time_precision + 0;
:vpi_module "C:\iverilog\lib\ivl\system.vpi";
:vpi_module "C:\iverilog\lib\ivl\vhdl_sys.vpi";
:vpi_module "C:\iverilog\lib\ivl\vhdl_textio.vpi";
:vpi_module "C:\iverilog\lib\ivl\v2005_math.vpi";
:vpi_module "C:\iverilog\lib\ivl\va_math.vpi";
S_000001e621dd2720 .scope module, "reg_file" "reg_file" 2 1;
 .timescale 0 0;
    .port_info 0 /INPUT 8 "IN";
    .port_info 1 /OUTPUT 8 "OUT1";
    .port_info 2 /OUTPUT 8 "OUT2";
    .port_info 3 /INPUT 3 "INADDRESS";
    .port_info 4 /INPUT 3 "OUT1ADDRESS";
    .port_info 5 /INPUT 3 "OUT2ADDRESS";
    .port_info 6 /INPUT 1 "WRITE";
    .port_info 7 /INPUT 1 "CLK";
    .port_info 8 /INPUT 1 "RESET";
o000001e621e08fb8 .functor BUFZ 1, C4<z>; HiZ drive
v000001e621eeb860_0 .net "CLK", 0 0, o000001e621e08fb8;  0 drivers
o000001e621e08fe8 .functor BUFZ 8, C4<zzzzzzzz>; HiZ drive
v000001e621dd28b0_0 .net "IN", 7 0, o000001e621e08fe8;  0 drivers
o000001e621e09018 .functor BUFZ 3, C4<zzz>; HiZ drive
v000001e621dd2950_0 .net "INADDRESS", 2 0, o000001e621e09018;  0 drivers
v000001e621dd29f0_0 .var "OUT1", 7 0;
o000001e621e09078 .functor BUFZ 3, C4<zzz>; HiZ drive
v000001e621dd2a90_0 .net "OUT1ADDRESS", 2 0, o000001e621e09078;  0 drivers
v000001e621e4bc20_0 .var "OUT2", 7 0;
o000001e621e090d8 .functor BUFZ 3, C4<zzz>; HiZ drive
v000001e621e4bcc0_0 .net "OUT2ADDRESS", 2 0, o000001e621e090d8;  0 drivers
o000001e621e09108 .functor BUFZ 1, C4<z>; HiZ drive
v000001e621e4bd60_0 .net "RESET", 0 0, o000001e621e09108;  0 drivers
o000001e621e09138 .functor BUFZ 1, C4<z>; HiZ drive
v000001e621e4be00_0 .net "WRITE", 0 0, o000001e621e09138;  0 drivers
v000001e621e4bea0_0 .var/i "i", 31 0;
v000001e621e03960 .array "registers", 0 7, 7 0;
E_000001e621ee8f80 .event posedge, v000001e621eeb860_0;
E_000001e621ee8ec0 .event anyedge, v000001e621e4bcc0_0, v000001e621dd2a90_0;
    .scope S_000001e621dd2720;
T_0 ;
    %wait E_000001e621ee8ec0;
    %delay 2, 0;
    %load/vec4 v000001e621dd2a90_0;
    %pad/u 5;
    %ix/vec4 4;
    %load/vec4a v000001e621e03960, 4;
    %store/vec4 v000001e621dd29f0_0, 0, 8;
    %load/vec4 v000001e621e4bcc0_0;
    %pad/u 5;
    %ix/vec4 4;
    %load/vec4a v000001e621e03960, 4;
    %store/vec4 v000001e621e4bc20_0, 0, 8;
    %jmp T_0;
    .thread T_0, $push;
    .scope S_000001e621dd2720;
T_1 ;
    %wait E_000001e621ee8f80;
    %vpi_call 2 21 "$display", "%d %d %d %d %d %d %d %d", &A<v000001e621e03960, 0>, &A<v000001e621e03960, 1>, &A<v000001e621e03960, 2>, &A<v000001e621e03960, 3>, &A<v000001e621e03960, 4>, &A<v000001e621e03960, 5>, &A<v000001e621e03960, 6>, &A<v000001e621e03960, 7> {0 0 0};
    %load/vec4 v000001e621e4bd60_0;
    %cmpi/e 1, 0, 1;
    %jmp/0xz  T_1.0, 4;
    %delay 1, 0;
    %pushi/vec4 0, 0, 32;
    %store/vec4 v000001e621e4bea0_0, 0, 32;
T_1.2 ;
    %load/vec4 v000001e621e4bea0_0;
    %cmpi/s 8, 0, 32;
    %jmp/0xz T_1.3, 5;
    %pushi/vec4 0, 0, 8;
    %ix/getv/s 4, v000001e621e4bea0_0;
    %store/vec4a v000001e621e03960, 4, 0;
    %load/vec4 v000001e621e4bea0_0;
    %addi 1, 0, 32;
    %store/vec4 v000001e621e4bea0_0, 0, 32;
    %jmp T_1.2;
T_1.3 ;
T_1.0 ;
    %load/vec4 v000001e621e4be00_0;
    %cmpi/e 1, 0, 1;
    %jmp/0xz  T_1.4, 4;
    %delay 1, 0;
    %load/vec4 v000001e621dd28b0_0;
    %load/vec4 v000001e621dd2950_0;
    %pad/u 5;
    %ix/vec4 4;
    %store/vec4a v000001e621e03960, 4, 0;
T_1.4 ;
    %jmp T_1;
    .thread T_1;
# The file index is used to find the file name in the following table.
:file_names 3;
    "N/A";
    "<interactive>";
    "regfile.v";
