#! /c/Source/iverilog-install/bin/vvp
:ivl_version "12.0 (devel)" "(s20150603-1539-g2693dd32b)";
:ivl_delay_selection "TYPICAL";
:vpi_time_precision + 0;
:vpi_module "C:\iverilog\lib\ivl\system.vpi";
:vpi_module "C:\iverilog\lib\ivl\vhdl_sys.vpi";
:vpi_module "C:\iverilog\lib\ivl\vhdl_textio.vpi";
:vpi_module "C:\iverilog\lib\ivl\v2005_math.vpi";
:vpi_module "C:\iverilog\lib\ivl\va_math.vpi";
S_00000245918b2830 .scope module, "reg_file" "reg_file" 2 1;
 .timescale 0 0;
    .port_info 0 /INPUT 8 "IN";
    .port_info 1 /OUTPUT 8 "OUT1";
    .port_info 2 /OUTPUT 8 "OUT2";
    .port_info 3 /INPUT 3 "INADDRESS";
    .port_info 4 /INPUT 3 "OUT1ADDRESS";
    .port_info 5 /INPUT 3 "OUT2ADDRESS";
    .port_info 6 /INPUT 1 "WRITE";
    .port_info 7 /INPUT 1 "CLK";
    .port_info 8 /INPUT 1 "RESET";
o00000245918e6fd8 .functor BUFZ 1, C4<z>; HiZ drive
v00000245918b2a60_0 .net "CLK", 0 0, o00000245918e6fd8;  0 drivers
o00000245918e7008 .functor BUFZ 8, C4<zzzzzzzz>; HiZ drive
v00000245918b2b00_0 .net "IN", 7 0, o00000245918e7008;  0 drivers
o00000245918e7038 .functor BUFZ 3, C4<zzz>; HiZ drive
v00000245918b2ba0_0 .net "INADDRESS", 2 0, o00000245918e7038;  0 drivers
v0000024591a8b8f0_0 .var "OUT1", 7 0;
o00000245918e7098 .functor BUFZ 3, C4<zzz>; HiZ drive
v0000024591a8b990_0 .net "OUT1ADDRESS", 2 0, o00000245918e7098;  0 drivers
v0000024591a8ba30_0 .var "OUT2", 7 0;
o00000245918e70f8 .functor BUFZ 3, C4<zzz>; HiZ drive
v0000024591a8bad0_0 .net "OUT2ADDRESS", 2 0, o00000245918e70f8;  0 drivers
o00000245918e7128 .functor BUFZ 1, C4<z>; HiZ drive
v0000024591a8bb70_0 .net "RESET", 0 0, o00000245918e7128;  0 drivers
o00000245918e7158 .functor BUFZ 1, C4<z>; HiZ drive
v0000024591a8bc10_0 .net "WRITE", 0 0, o00000245918e7158;  0 drivers
v0000024591a8bcb0_0 .var/i "i", 31 0;
v0000024591a8bd50 .array "registers", 0 7, 7 0;
E_00000245918e5f60 .event posedge, v00000245918b2a60_0;
E_00000245918e65e0 .event anyedge, v0000024591a8bad0_0, v0000024591a8b990_0;
    .scope S_00000245918b2830;
T_0 ;
    %wait E_00000245918e65e0;
    %delay 2, 0;
    %load/vec4 v0000024591a8b990_0;
    %pad/u 5;
    %ix/vec4 4;
    %load/vec4a v0000024591a8bd50, 4;
    %store/vec4 v0000024591a8b8f0_0, 0, 8;
    %delay 2, 0;
    %load/vec4 v0000024591a8bad0_0;
    %pad/u 5;
    %ix/vec4 4;
    %load/vec4a v0000024591a8bd50, 4;
    %store/vec4 v0000024591a8ba30_0, 0, 8;
    %jmp T_0;
    .thread T_0, $push;
    .scope S_00000245918b2830;
T_1 ;
    %wait E_00000245918e5f60;
    %load/vec4 v0000024591a8bb70_0;
    %cmpi/e 1, 0, 1;
    %jmp/0xz  T_1.0, 4;
    %delay 1, 0;
    %pushi/vec4 0, 0, 32;
    %store/vec4 v0000024591a8bcb0_0, 0, 32;
T_1.2 ;
    %load/vec4 v0000024591a8bcb0_0;
    %cmpi/s 8, 0, 32;
    %jmp/0xz T_1.3, 5;
    %pushi/vec4 0, 0, 8;
    %ix/getv/s 4, v0000024591a8bcb0_0;
    %store/vec4a v0000024591a8bd50, 4, 0;
    %load/vec4 v0000024591a8bcb0_0;
    %addi 1, 0, 32;
    %store/vec4 v0000024591a8bcb0_0, 0, 32;
    %jmp T_1.2;
T_1.3 ;
T_1.0 ;
    %load/vec4 v0000024591a8bc10_0;
    %cmpi/e 1, 0, 1;
    %jmp/0xz  T_1.4, 4;
    %delay 1, 0;
    %load/vec4 v00000245918b2b00_0;
    %load/vec4 v00000245918b2ba0_0;
    %pad/u 5;
    %ix/vec4 4;
    %store/vec4a v0000024591a8bd50, 4, 0;
T_1.4 ;
    %jmp T_1;
    .thread T_1;
# The file index is used to find the file name in the following table.
:file_names 3;
    "N/A";
    "<interactive>";
    "regfile.v";
