#! /c/Source/iverilog-install/bin/vvp
:ivl_version "12.0 (devel)" "(s20150603-1539-g2693dd32b)";
:ivl_delay_selection "TYPICAL";
:vpi_time_precision + 0;
:vpi_module "C:\iverilog\lib\ivl\system.vpi";
:vpi_module "C:\iverilog\lib\ivl\vhdl_sys.vpi";
:vpi_module "C:\iverilog\lib\ivl\vhdl_textio.vpi";
:vpi_module "C:\iverilog\lib\ivl\v2005_math.vpi";
:vpi_module "C:\iverilog\lib\ivl\va_math.vpi";
S_00000232ce1aaa80 .scope module, "reg_file" "reg_file" 2 1;
 .timescale 0 0;
    .port_info 0 /INPUT 8 "IN";
    .port_info 1 /OUTPUT 8 "OUT1";
    .port_info 2 /OUTPUT 8 "OUT2";
    .port_info 3 /INPUT 3 "INADDRESS";
    .port_info 4 /INPUT 3 "OUT1ADDRESS";
    .port_info 5 /INPUT 3 "OUT2ADDRESS";
    .port_info 6 /INPUT 1 "WRITE";
    .port_info 7 /INPUT 1 "CLK";
    .port_info 8 /INPUT 1 "RESET";
o00000232ce07c008 .functor BUFZ 1, C4<z>; HiZ drive
v00000232ce065aa0_0 .net "CLK", 0 0, o00000232ce07c008;  0 drivers
o00000232ce07c038 .functor BUFZ 8, C4<zzzzzzzz>; HiZ drive
v00000232ce1aacb0_0 .net "IN", 7 0, o00000232ce07c038;  0 drivers
o00000232ce07c068 .functor BUFZ 3, C4<zzz>; HiZ drive
v00000232ce0746e0_0 .net "INADDRESS", 2 0, o00000232ce07c068;  0 drivers
v00000232ce074780_0 .var "OUT1", 7 0;
o00000232ce07c0c8 .functor BUFZ 3, C4<zzz>; HiZ drive
v00000232ce042cc0_0 .net "OUT1ADDRESS", 2 0, o00000232ce07c0c8;  0 drivers
v00000232ce042d60_0 .var "OUT2", 7 0;
o00000232ce07c128 .functor BUFZ 3, C4<zzz>; HiZ drive
v00000232ce042e00_0 .net "OUT2ADDRESS", 2 0, o00000232ce07c128;  0 drivers
o00000232ce07c158 .functor BUFZ 1, C4<z>; HiZ drive
v00000232ce042ea0_0 .net "RESET", 0 0, o00000232ce07c158;  0 drivers
o00000232ce07c188 .functor BUFZ 1, C4<z>; HiZ drive
v00000232ce042f40_0 .net "WRITE", 0 0, o00000232ce07c188;  0 drivers
v00000232ce0c0850_0 .var/i "i", 31 0;
v00000232ce0c08f0 .array "registers", 0 7, 7 0;
E_00000232ce067d90 .event posedge, v00000232ce065aa0_0;
E_00000232ce067790 .event anyedge, v00000232ce042e00_0, v00000232ce042cc0_0;
S_00000232ce042b30 .scope begin, "$ivl_for_loop0" "$ivl_for_loop0" 2 52, 2 52 0, S_00000232ce1aaa80;
 .timescale 0 0;
v00000232ce1aac10_0 .var/i "i", 31 0;
    .scope S_00000232ce1aaa80;
T_0 ;
    %wait E_00000232ce067790;
    %delay 2, 0;
    %load/vec4 v00000232ce042cc0_0;
    %pad/u 5;
    %ix/vec4 4;
    %load/vec4a v00000232ce0c08f0, 4;
    %store/vec4 v00000232ce074780_0, 0, 8;
    %load/vec4 v00000232ce042e00_0;
    %pad/u 5;
    %ix/vec4 4;
    %load/vec4a v00000232ce0c08f0, 4;
    %store/vec4 v00000232ce042d60_0, 0, 8;
    %jmp T_0;
    .thread T_0, $push;
    .scope S_00000232ce1aaa80;
T_1 ;
    %wait E_00000232ce067d90;
    %load/vec4 v00000232ce042ea0_0;
    %cmpi/e 1, 0, 1;
    %jmp/0xz  T_1.0, 4;
    %delay 1, 0;
    %pushi/vec4 0, 0, 32;
    %store/vec4 v00000232ce0c0850_0, 0, 32;
T_1.2 ;
    %load/vec4 v00000232ce0c0850_0;
    %cmpi/s 8, 0, 32;
    %jmp/0xz T_1.3, 5;
    %pushi/vec4 0, 0, 8;
    %ix/getv/s 4, v00000232ce0c0850_0;
    %store/vec4a v00000232ce0c08f0, 4, 0;
    %load/vec4 v00000232ce0c0850_0;
    %addi 1, 0, 32;
    %store/vec4 v00000232ce0c0850_0, 0, 32;
    %jmp T_1.2;
T_1.3 ;
T_1.0 ;
    %load/vec4 v00000232ce042f40_0;
    %cmpi/e 1, 0, 1;
    %jmp/0xz  T_1.4, 4;
    %delay 1, 0;
    %load/vec4 v00000232ce1aacb0_0;
    %load/vec4 v00000232ce0746e0_0;
    %pad/u 5;
    %ix/vec4 4;
    %store/vec4a v00000232ce0c08f0, 4, 0;
T_1.4 ;
    %jmp T_1;
    .thread T_1;
    .scope S_00000232ce1aaa80;
T_2 ;
    %delay 5, 0;
    %vpi_call 2 40 "$display", "\012\011\011\011=================================================" {0 0 0};
    %vpi_call 2 41 "$display", "\011\011\011 Cahnge of register content strating from time #5" {0 0 0};
    %vpi_call 2 42 "$display", "\011\011\011==================================================" {0 0 0};
    %vpi_call 2 43 "$display", "\011\011time\011reg0\011reg1\011reg2\011reg3\011reg4\011reg5\011reg6\011reg7" {0 0 0};
    %vpi_call 2 44 "$display", "\011\011----------------------------------------------------" {0 0 0};
    %vpi_call 2 45 "$monitor", $time, "\011%d\011%d\011%d\011%d\011%d\011%d\011%d\011%d", &A<v00000232ce0c08f0, 0>, &A<v00000232ce0c08f0, 1>, &A<v00000232ce0c08f0, 2>, &A<v00000232ce0c08f0, 3>, &A<v00000232ce0c08f0, 4>, &A<v00000232ce0c08f0, 5>, &A<v00000232ce0c08f0, 6>, &A<v00000232ce0c08f0, 7> {0 0 0};
    %end;
    .thread T_2;
    .scope S_00000232ce1aaa80;
T_3 ;
    %vpi_call 2 51 "$dumpfile", "cpu_wavedata.vcd" {0 0 0};
    %fork t_1, S_00000232ce042b30;
    %jmp t_0;
    .scope S_00000232ce042b30;
t_1 ;
    %pushi/vec4 0, 0, 32;
    %store/vec4 v00000232ce1aac10_0, 0, 32;
T_3.0 ;
    %load/vec4 v00000232ce1aac10_0;
    %cmpi/s 8, 0, 32;
    %jmp/0xz T_3.1, 5;
    %vpi_call 2 53 "$dumpvars", 32'sb00000000000000000000000000000001, &A<v00000232ce0c08f0, v00000232ce1aac10_0 > {0 0 0};
    ; show_stmt_assign_vector: Get l-value for compressed += operand
    %load/vec4 v00000232ce1aac10_0;
    %pushi/vec4 1, 0, 32;
    %add;
    %store/vec4 v00000232ce1aac10_0, 0, 32;
    %jmp T_3.0;
T_3.1 ;
    %end;
    .scope S_00000232ce1aaa80;
t_0 %join;
    %end;
    .thread T_3;
# The file index is used to find the file name in the following table.
:file_names 3;
    "N/A";
    "<interactive>";
    "regfile.v";
